#
# There is insufficient memory for the Java Runtime Environment to continue.
# Native memory allocation (malloc) failed to allocate 255328 bytes for Chunk::new
# Possible reasons:
#   The system is out of physical RAM or swap space
#   The process is running with CompressedOops enabled, and the Java Heap may be blocking the growth of the native heap
# Possible solutions:
#   Reduce memory load on the system
#   Increase physical memory or swap space
#   Check if swap backing store is full
#   Decrease Java heap size (-Xmx/-Xms)
#   Decrease number of Java threads
#   Decrease Java thread stack sizes (-Xss)
#   Set larger code cache with -XX:ReservedCodeCacheSize=
#   JVM is running with Unscaled Compressed Oops mode in which the Java heap is
#     placed in the first 4GB address space. The Java Heap base address is the
#     maximum limit for the native heap growth. Please use -XX:HeapBaseMinAddress
#     to set the Java Heap base and to place the Java Heap above 4GB virtual address.
# This output file may be truncated or incomplete.
#
#  Out of Memory Error (arena.cpp:189), pid=30144, tid=30716
#
# JRE version: OpenJDK Runtime Environment Temurin-17.0.7+7 (17.0.7+7) (build 17.0.7+7)
# Java VM: OpenJDK 64-Bit Server VM Temurin-17.0.7+7 (17.0.7+7, mixed mode, tiered, compressed oops, compressed class ptrs, parallel gc, windows-amd64)
# No core dump will be written. Minidumps are not enabled by default on client versions of Windows
#

---------------  S U M M A R Y ------------

Command Line: --add-modules=ALL-SYSTEM --add-opens=java.base/java.util=ALL-UNNAMED --add-opens=java.base/java.lang=ALL-UNNAMED --add-opens=java.base/sun.nio.fs=ALL-UNNAMED -Declipse.application=org.eclipse.jdt.ls.core.id1 -Dosgi.bundles.defaultStartLevel=4 -Declipse.product=org.eclipse.jdt.ls.core.product -Djava.import.generatesMetadataFilesAtProjectRoot=false -Dfile.encoding=utf8 -XX:+UseParallelGC -XX:GCTimeRatio=4 -XX:AdaptiveSizePolicyWeight=90 -Dsun.zip.disableMemoryMapping=true -Xmx1G -Xms100m -Xlog:disable -javaagent:c:\Users\ASUS\.vscode\extensions\redhat.java-1.20.0-win32-x64\lombok\lombok-1.18.28.jar c:\Users\ASUS\.vscode\extensions\redhat.java-1.20.0-win32-x64\server\plugins\org.eclipse.equinox.launcher_1.6.500.v20230622-2056.jar -configuration c:\Users\ASUS\AppData\Roaming\Code\User\globalStorage\redhat.java\1.20.0\config_ss_win -data c:\Users\ASUS\AppData\Roaming\Code\User\workspaceStorage\1fb3f4979db81808107b25b3b1675e1f\redhat.java\ss_ws

Host: Intel(R) Core(TM) i5-8265U CPU @ 1.60GHz, 8 cores, 7G,  Windows 10 , 64 bit Build 19041 (10.0.19041.3155)
Time: Sat Jul 22 20:19:24 2023  Windows 10 , 64 bit Build 19041 (10.0.19041.3155) elapsed time: 4.057667 seconds (0d 0h 0m 4s)

---------------  T H R E A D  ---------------

Current thread (0x000001d9763eaab0):  JavaThread "Start Level: Equinox Container: b345d854-e001-4f47-84ef-421e168505f4" daemon [_thread_in_vm, id=30716, stack(0x000000c8b1e00000,0x000000c8b1f00000)]

Stack: [0x000000c8b1e00000,0x000000c8b1f00000]
Native frames: (J=compiled Java code, j=interpreted, Vv=VM code, C=native code)
V  [jvm.dll+0x67754a]
V  [jvm.dll+0x834304]
V  [jvm.dll+0x835aae]
V  [jvm.dll+0x836113]
V  [jvm.dll+0x24696f]
V  [jvm.dll+0xac0ac]
V  [jvm.dll+0xac67c]
V  [jvm.dll+0x51bccc]
V  [jvm.dll+0x53e9b5]
V  [jvm.dll+0x7afc28]
V  [jvm.dll+0x7afd14]
V  [jvm.dll+0x40de05]
V  [jvm.dll+0x413f58]
C  [java.dll+0x17ec]

Java frames: (J=compiled Java code, j=interpreted, Vv=VM code)
J 1053  java.lang.ClassLoader.defineClass1(Ljava/lang/ClassLoader;Ljava/lang/String;[BIILjava/security/ProtectionDomain;Ljava/lang/String;)Ljava/lang/Class; java.base@17.0.7 (0 bytes) @ 0x000001d965a6405b [0x000001d965a63fa0+0x00000000000000bb]
J 1629 c1 java.lang.ClassLoader.defineClass(Ljava/lang/String;[BIILjava/security/ProtectionDomain;)Ljava/lang/Class; java.base@17.0.7 (43 bytes) @ 0x000001d95e21abd4 [0x000001d95e21a880+0x0000000000000354]
J 1949 c1 org.eclipse.osgi.internal.loader.ModuleClassLoader.defineClass(Ljava/lang/String;[BLorg/eclipse/osgi/internal/loader/classpath/ClasspathEntry;)Lorg/eclipse/osgi/internal/loader/ModuleClassLoader$DefineClassResult; (138 bytes) @ 0x000001d95e2d409c [0x000001d95e2d3e40+0x000000000000025c]
J 1830 c1 org.eclipse.osgi.internal.loader.classpath.ClasspathManager.defineClass(Ljava/lang/String;[BLorg/eclipse/osgi/internal/loader/classpath/ClasspathEntry;Lorg/eclipse/osgi/storage/bundlefile/BundleEntry;Ljava/util/List;)Ljava/lang/Class; (636 bytes) @ 0x000001d95e28edb4 [0x000001d95e28d3e0+0x00000000000019d4]
J 1829 c1 org.eclipse.osgi.internal.loader.classpath.ClasspathManager.findClassImpl(Ljava/lang/String;Lorg/eclipse/osgi/internal/loader/classpath/ClasspathEntry;Ljava/util/List;)Ljava/lang/Class; (308 bytes) @ 0x000001d95e289b64 [0x000001d95e286dc0+0x0000000000002da4]
J 1673 c1 org.eclipse.osgi.internal.loader.classpath.ClasspathManager.findLocalClassImpl(Ljava/lang/String;[Lorg/eclipse/osgi/internal/loader/classpath/ClasspathEntry;Ljava/util/List;)Ljava/lang/Class; (55 bytes) @ 0x000001d95e240bcc [0x000001d95e240a40+0x000000000000018c]
J 1672 c1 org.eclipse.osgi.internal.loader.classpath.ClasspathManager.findLocalClassImpl(Ljava/lang/String;Ljava/util/List;)Ljava/lang/Class; (132 bytes) @ 0x000001d95e240154 [0x000001d95e23fc40+0x0000000000000514]
J 1767 c1 org.eclipse.osgi.internal.loader.classpath.ClasspathManager.findLocalClass(Ljava/lang/String;)Ljava/lang/Class; (210 bytes) @ 0x000001d95e268d3c [0x000001d95e2680a0+0x0000000000000c9c]
J 1664 c1 org.eclipse.osgi.internal.loader.BundleLoader.findLocalClass(Ljava/lang/String;)Ljava/lang/Class; (152 bytes) @ 0x000001d95e233b6c [0x000001d95e233320+0x000000000000084c]
J 1827 c1 org.eclipse.osgi.internal.loader.sources.SingleSourcePackage.loadClass(Ljava/lang/String;)Ljava/lang/Class; (9 bytes) @ 0x000001d95e2840bc [0x000001d95e283fc0+0x00000000000000fc]
J 1596 c1 org.eclipse.osgi.internal.loader.BundleLoader.findClass0(Ljava/lang/String;ZZ)Ljava/lang/Class; (466 bytes) @ 0x000001d95e20a71c [0x000001d95e208120+0x00000000000025fc]
J 1595 c1 org.eclipse.osgi.internal.loader.BundleLoader.findClass(Ljava/lang/String;)Ljava/lang/Class; (8 bytes) @ 0x000001d95e20781c [0x000001d95e2077a0+0x000000000000007c]
J 1597 c1 org.eclipse.osgi.internal.loader.ModuleClassLoader.loadClass(Ljava/lang/String;Z)Ljava/lang/Class; (36 bytes) @ 0x000001d95e20d83c [0x000001d95e20d620+0x000000000000021c]
J 806 c1 java.lang.ClassLoader.loadClass(Ljava/lang/String;)Ljava/lang/Class; java.base@17.0.7 (7 bytes) @ 0x000001d95e07513c [0x000001d95e075040+0x00000000000000fc]
v  ~StubRoutines::call_stub
J 1053  java.lang.ClassLoader.defineClass1(Ljava/lang/ClassLoader;Ljava/lang/String;[BIILjava/security/ProtectionDomain;Ljava/lang/String;)Ljava/lang/Class; java.base@17.0.7 (0 bytes) @ 0x000001d965a6405b [0x000001d965a63fa0+0x00000000000000bb]
J 1629 c1 java.lang.ClassLoader.defineClass(Ljava/lang/String;[BIILjava/security/ProtectionDomain;)Ljava/lang/Class; java.base@17.0.7 (43 bytes) @ 0x000001d95e21abd4 [0x000001d95e21a880+0x0000000000000354]
J 1949 c1 org.eclipse.osgi.internal.loader.ModuleClassLoader.defineClass(Ljava/lang/String;[BLorg/eclipse/osgi/internal/loader/classpath/ClasspathEntry;)Lorg/eclipse/osgi/internal/loader/ModuleClassLoader$DefineClassResult; (138 bytes) @ 0x000001d95e2d409c [0x000001d95e2d3e40+0x000000000000025c]
J 1830 c1 org.eclipse.osgi.internal.loader.classpath.ClasspathManager.defineClass(Ljava/lang/String;[BLorg/eclipse/osgi/internal/loader/classpath/ClasspathEntry;Lorg/eclipse/osgi/storage/bundlefile/BundleEntry;Ljava/util/List;)Ljava/lang/Class; (636 bytes) @ 0x000001d95e28edb4 [0x000001d95e28d3e0+0x00000000000019d4]
J 1829 c1 org.eclipse.osgi.internal.loader.classpath.ClasspathManager.findClassImpl(Ljava/lang/String;Lorg/eclipse/osgi/internal/loader/classpath/ClasspathEntry;Ljava/util/List;)Ljava/lang/Class; (308 bytes) @ 0x000001d95e289b64 [0x000001d95e286dc0+0x0000000000002da4]
J 1673 c1 org.eclipse.osgi.internal.loader.classpath.ClasspathManager.findLocalClassImpl(Ljava/lang/String;[Lorg/eclipse/osgi/internal/loader/classpath/ClasspathEntry;Ljava/util/List;)Ljava/lang/Class; (55 bytes) @ 0x000001d95e240bcc [0x000001d95e240a40+0x000000000000018c]
J 1672 c1 org.eclipse.osgi.internal.loader.classpath.ClasspathManager.findLocalClassImpl(Ljava/lang/String;Ljava/util/List;)Ljava/lang/Class; (132 bytes) @ 0x000001d95e240154 [0x000001d95e23fc40+0x0000000000000514]
J 1767 c1 org.eclipse.osgi.internal.loader.classpath.ClasspathManager.findLocalClass(Ljava/lang/String;)Ljava/lang/Class; (210 bytes) @ 0x000001d95e268d3c [0x000001d95e2680a0+0x0000000000000c9c]
J 1664 c1 org.eclipse.osgi.internal.loader.BundleLoader.findLocalClass(Ljava/lang/String;)Ljava/lang/Class; (152 bytes) @ 0x000001d95e233b6c [0x000001d95e233320+0x000000000000084c]
J 1596 c1 org.eclipse.osgi.internal.loader.BundleLoader.findClass0(Ljava/lang/String;ZZ)Ljava/lang/Class; (466 bytes) @ 0x000001d95e20a814 [0x000001d95e208120+0x00000000000026f4]
J 1595 c1 org.eclipse.osgi.internal.loader.BundleLoader.findClass(Ljava/lang/String;)Ljava/lang/Class; (8 bytes) @ 0x000001d95e20781c [0x000001d95e2077a0+0x000000000000007c]
J 1597 c1 org.eclipse.osgi.internal.loader.ModuleClassLoader.loadClass(Ljava/lang/String;Z)Ljava/lang/Class; (36 bytes) @ 0x000001d95e20d83c [0x000001d95e20d620+0x000000000000021c]
J 806 c1 java.lang.ClassLoader.loadClass(Ljava/lang/String;)Ljava/lang/Class; java.base@17.0.7 (7 bytes) @ 0x000001d95e07513c [0x000001d95e075040+0x00000000000000fc]
v  ~StubRoutines::call_stub
J 1053  java.lang.ClassLoader.defineClass1(Ljava/lang/ClassLoader;Ljava/lang/String;[BIILjava/security/ProtectionDomain;Ljava/lang/String;)Ljava/lang/Class; java.base@17.0.7 (0 bytes) @ 0x000001d965a6405b [0x000001d965a63fa0+0x00000000000000bb]
J 1629 c1 java.lang.ClassLoader.defineClass(Ljava/lang/String;[BIILjava/security/ProtectionDomain;)Ljava/lang/Class; java.base@17.0.7 (43 bytes) @ 0x000001d95e21abd4 [0x000001d95e21a880+0x0000000000000354]
J 1949 c1 org.eclipse.osgi.internal.loader.ModuleClassLoader.defineClass(Ljava/lang/String;[BLorg/eclipse/osgi/internal/loader/classpath/ClasspathEntry;)Lorg/eclipse/osgi/internal/loader/ModuleClassLoader$DefineClassResult; (138 bytes) @ 0x000001d95e2d409c [0x000001d95e2d3e40+0x000000000000025c]
J 1830 c1 org.eclipse.osgi.internal.loader.classpath.ClasspathManager.defineClass(Ljava/lang/String;[BLorg/eclipse/osgi/internal/loader/classpath/ClasspathEntry;Lorg/eclipse/osgi/storage/bundlefile/BundleEntry;Ljava/util/List;)Ljava/lang/Class; (636 bytes) @ 0x000001d95e28edb4 [0x000001d95e28d3e0+0x00000000000019d4]
J 1829 c1 org.eclipse.osgi.internal.loader.classpath.ClasspathManager.findClassImpl(Ljava/lang/String;Lorg/eclipse/osgi/internal/loader/classpath/ClasspathEntry;Ljava/util/List;)Ljava/lang/Class; (308 bytes) @ 0x000001d95e289b64 [0x000001d95e286dc0+0x0000000000002da4]
J 1673 c1 org.eclipse.osgi.internal.loader.classpath.ClasspathManager.findLocalClassImpl(Ljava/lang/String;[Lorg/eclipse/osgi/internal/loader/classpath/ClasspathEntry;Ljava/util/List;)Ljava/lang/Class; (55 bytes) @ 0x000001d95e240bcc [0x000001d95e240a40+0x000000000000018c]
J 1672 c1 org.eclipse.osgi.internal.loader.classpath.ClasspathManager.findLocalClassImpl(Ljava/lang/String;Ljava/util/List;)Ljava/lang/Class; (132 bytes) @ 0x000001d95e240154 [0x000001d95e23fc40+0x0000000000000514]
J 1767 c1 org.eclipse.osgi.internal.loader.classpath.ClasspathManager.findLocalClass(Ljava/lang/String;)Ljava/lang/Class; (210 bytes) @ 0x000001d95e268d3c [0x000001d95e2680a0+0x0000000000000c9c]
J 1664 c1 org.eclipse.osgi.internal.loader.BundleLoader.findLocalClass(Ljava/lang/String;)Ljava/lang/Class; (152 bytes) @ 0x000001d95e233b6c [0x000001d95e233320+0x000000000000084c]
J 1596 c1 org.eclipse.osgi.internal.loader.BundleLoader.findClass0(Ljava/lang/String;ZZ)Ljava/lang/Class; (466 bytes) @ 0x000001d95e20a814 [0x000001d95e208120+0x00000000000026f4]
J 1595 c1 org.eclipse.osgi.internal.loader.BundleLoader.findClass(Ljava/lang/String;)Ljava/lang/Class; (8 bytes) @ 0x000001d95e20781c [0x000001d95e2077a0+0x000000000000007c]
J 1597 c1 org.eclipse.osgi.internal.loader.ModuleClassLoader.loadClass(Ljava/lang/String;Z)Ljava/lang/Class; (36 bytes) @ 0x000001d95e20d83c [0x000001d95e20d620+0x000000000000021c]
J 806 c1 java.lang.ClassLoader.loadClass(Ljava/lang/String;)Ljava/lang/Class; java.base@17.0.7 (7 bytes) @ 0x000001d95e07513c [0x000001d95e075040+0x00000000000000fc]
v  ~StubRoutines::call_stub
j  org.eclipse.jdt.internal.core.JavaModelManager.<init>()V+403
j  org.eclipse.jdt.internal.core.JavaModelManager.<clinit>()V+87
v  ~StubRoutines::call_stub
j  org.eclipse.jdt.core.JavaCore.start(Lorg/osgi/framework/BundleContext;)V+6
j  org.eclipse.osgi.internal.framework.BundleContextImpl$2.run()Ljava/lang/Void;+23
j  org.eclipse.osgi.internal.framework.BundleContextImpl$2.run()Ljava/lang/Object;+1
J 1164 c1 java.security.AccessController.executePrivileged(Ljava/security/PrivilegedExceptionAction;Ljava/security/AccessControlContext;Ljava/lang/Class;)Ljava/lang/Object; java.base@17.0.7 (65 bytes) @ 0x000001d95e13b134 [0x000001d95e13afe0+0x0000000000000154]
j  java.security.AccessController.doPrivileged(Ljava/security/PrivilegedExceptionAction;)Ljava/lang/Object;+9 java.base@17.0.7
j  org.eclipse.osgi.internal.framework.BundleContextImpl.startActivator(Lorg/osgi/framework/BundleActivator;)V+9
j  org.eclipse.osgi.internal.framework.BundleContextImpl.start()V+134
j  org.eclipse.osgi.internal.framework.EquinoxBundle.startWorker0()V+35
j  org.eclipse.osgi.internal.framework.EquinoxBundle$EquinoxModule.startWorker()V+4
j  org.eclipse.osgi.container.Module.doStart([Lorg/eclipse/osgi/container/Module$StartOptions;)Lorg/eclipse/osgi/container/ModuleContainerAdaptor$ModuleEvent;+190
J 1967 c1 org.eclipse.osgi.container.Module.start([Lorg/eclipse/osgi/container/Module$StartOptions;)V (655 bytes) @ 0x000001d95e2df0d4 [0x000001d95e2dcd60+0x0000000000002374]
j  org.eclipse.osgi.framework.util.SecureAction.start(Lorg/eclipse/osgi/container/Module;[Lorg/eclipse/osgi/container/Module$StartOptions;)V+8
J 1666 c1 org.eclipse.osgi.internal.hooks.EclipseLazyStarter.postFindLocalClass(Ljava/lang/String;Ljava/lang/Class;Lorg/eclipse/osgi/internal/loader/classpath/ClasspathManager;)V (394 bytes) @ 0x000001d95e236adc [0x000001d95e235b60+0x0000000000000f7c]
J 1767 c1 org.eclipse.osgi.internal.loader.classpath.ClasspathManager.findLocalClass(Ljava/lang/String;)Ljava/lang/Class; (210 bytes) @ 0x000001d95e269054 [0x000001d95e2680a0+0x0000000000000fb4]
J 1664 c1 org.eclipse.osgi.internal.loader.BundleLoader.findLocalClass(Ljava/lang/String;)Ljava/lang/Class; (152 bytes) @ 0x000001d95e233b6c [0x000001d95e233320+0x000000000000084c]
J 1827 c1 org.eclipse.osgi.internal.loader.sources.SingleSourcePackage.loadClass(Ljava/lang/String;)Ljava/lang/Class; (9 bytes) @ 0x000001d95e2840bc [0x000001d95e283fc0+0x00000000000000fc]
J 1596 c1 org.eclipse.osgi.internal.loader.BundleLoader.findClass0(Ljava/lang/String;ZZ)Ljava/lang/Class; (466 bytes) @ 0x000001d95e20a71c [0x000001d95e208120+0x00000000000025fc]
J 1595 c1 org.eclipse.osgi.internal.loader.BundleLoader.findClass(Ljava/lang/String;)Ljava/lang/Class; (8 bytes) @ 0x000001d95e20781c [0x000001d95e2077a0+0x000000000000007c]
J 1597 c1 org.eclipse.osgi.internal.loader.ModuleClassLoader.loadClass(Ljava/lang/String;Z)Ljava/lang/Class; (36 bytes) @ 0x000001d95e20d83c [0x000001d95e20d620+0x000000000000021c]
J 806 c1 java.lang.ClassLoader.loadClass(Ljava/lang/String;)Ljava/lang/Class; java.base@17.0.7 (7 bytes) @ 0x000001d95e07513c [0x000001d95e075040+0x00000000000000fc]
v  ~StubRoutines::call_stub
j  java.lang.Class.getDeclaredConstructors0(Z)[Ljava/lang/reflect/Constructor;+0 java.base@17.0.7
j  java.lang.Class.privateGetDeclaredConstructors(Z)[Ljava/lang/reflect/Constructor;+52 java.base@17.0.7
j  java.lang.Class.getConstructor0([Ljava/lang/Class;I)Ljava/lang/reflect/Constructor;+14 java.base@17.0.7
j  java.lang.Class.getConstructor([Ljava/lang/Class;)Ljava/lang/reflect/Constructor;+24 java.base@17.0.7
j  org.eclipse.osgi.internal.framework.BundleContextImpl.loadBundleActivator()Lorg/osgi/framework/BundleActivator;+105
j  org.eclipse.osgi.internal.framework.BundleContextImpl.start()V+18
j  org.eclipse.osgi.internal.framework.EquinoxBundle.startWorker0()V+35
j  org.eclipse.osgi.internal.framework.EquinoxBundle$EquinoxModule.startWorker()V+4
j  org.eclipse.osgi.container.Module.doStart([Lorg/eclipse/osgi/container/Module$StartOptions;)Lorg/eclipse/osgi/container/ModuleContainerAdaptor$ModuleEvent;+190
j  org.eclipse.osgi.container.Module.start([Lorg/eclipse/osgi/container/Module$StartOptions;)V+460
j  org.eclipse.osgi.container.ModuleContainer$ContainerStartLevel$2.run()V+71
j  org.eclipse.osgi.internal.framework.EquinoxContainerAdaptor$1$1.execute(Ljava/lang/Runnable;)V+1
j  org.eclipse.osgi.container.ModuleContainer$ContainerStartLevel.incStartLevel(ILjava/util/List;Z)V+192
j  org.eclipse.osgi.container.ModuleContainer$ContainerStartLevel.incStartLevel(ILjava/util/List;Ljava/util/List;Ljava/util/List;Ljava/util/List;)V+19
j  org.eclipse.osgi.container.ModuleContainer$ContainerStartLevel.doContainerStartLevel(Lorg/eclipse/osgi/container/Module;I[Lorg/osgi/framework/FrameworkListener;)V+349
j  org.eclipse.osgi.container.ModuleContainer$ContainerStartLevel.dispatchEvent(Lorg/eclipse/osgi/container/Module;[Lorg/osgi/framework/FrameworkListener;ILjava/lang/Integer;)V+32
j  org.eclipse.osgi.container.ModuleContainer$ContainerStartLevel.dispatchEvent(Ljava/lang/Object;Ljava/lang/Object;ILjava/lang/Object;)V+15
j  org.eclipse.osgi.framework.eventmgr.EventManager.dispatchEvent(Ljava/util/Set;Lorg/eclipse/osgi/framework/eventmgr/EventDispatcher;ILjava/lang/Object;)V+48
j  org.eclipse.osgi.framework.eventmgr.EventManager$EventThread.run()V+26
v  ~StubRoutines::call_stub

---------------  P R O C E S S  ---------------

Threads class SMR info:
_java_thread_list=0x000001d976628050, length=21, elements={
0x000001d959ac07b0, 0x000001d96f898750, 0x000001d96f899ef0, 0x000001d974c4e130,
0x000001d974c22330, 0x000001d974c22fb0, 0x000001d974c26890, 0x000001d974c27530,
0x000001d974cbbfe0, 0x000001d974cce4e0, 0x000001d974d8f000, 0x000001d974f27a50,
0x000001d9762de6d0, 0x000001d9764e13c0, 0x000001d9763eaab0, 0x000001d9764de2d0,
0x000001d976337020, 0x000001d9764b3050, 0x000001d9765d2e60, 0x000001d9766477e0,
0x000001d9765fe050
}

Java Threads: ( => current thread )
  0x000001d959ac07b0 JavaThread "main" [_thread_blocked, id=23628, stack(0x000000c8b0600000,0x000000c8b0700000)]
  0x000001d96f898750 JavaThread "Reference Handler" daemon [_thread_blocked, id=19656, stack(0x000000c8b0900000,0x000000c8b0a00000)]
  0x000001d96f899ef0 JavaThread "Finalizer" daemon [_thread_blocked, id=10348, stack(0x000000c8b0a00000,0x000000c8b0b00000)]
  0x000001d974c4e130 JavaThread "Signal Dispatcher" daemon [_thread_blocked, id=29064, stack(0x000000c8b0b00000,0x000000c8b0c00000)]
  0x000001d974c22330 JavaThread "Attach Listener" daemon [_thread_blocked, id=24628, stack(0x000000c8b0c00000,0x000000c8b0d00000)]
  0x000001d974c22fb0 JavaThread "Service Thread" daemon [_thread_blocked, id=27448, stack(0x000000c8b0d00000,0x000000c8b0e00000)]
  0x000001d974c26890 JavaThread "Monitor Deflation Thread" daemon [_thread_blocked, id=1448, stack(0x000000c8b0e00000,0x000000c8b0f00000)]
  0x000001d974c27530 JavaThread "C2 CompilerThread0" daemon [_thread_in_native, id=11584, stack(0x000000c8b0f00000,0x000000c8b1000000)]
  0x000001d974cbbfe0 JavaThread "C1 CompilerThread0" daemon [_thread_blocked, id=23716, stack(0x000000c8b1000000,0x000000c8b1100000)]
  0x000001d974cce4e0 JavaThread "Sweeper thread" daemon [_thread_blocked, id=26320, stack(0x000000c8b1100000,0x000000c8b1200000)]
  0x000001d974d8f000 JavaThread "Common-Cleaner" daemon [_thread_blocked, id=24188, stack(0x000000c8b1200000,0x000000c8b1300000)]
  0x000001d974f27a50 JavaThread "Notification Thread" daemon [_thread_blocked, id=28012, stack(0x000000c8b1300000,0x000000c8b1400000)]
  0x000001d9762de6d0 JavaThread "Active Thread: Equinox Container: b345d854-e001-4f47-84ef-421e168505f4" [_thread_blocked, id=30212, stack(0x000000c8b1c00000,0x000000c8b1d00000)]
  0x000001d9764e13c0 JavaThread "Framework Event Dispatcher: Equinox Container: b345d854-e001-4f47-84ef-421e168505f4" daemon [_thread_blocked, id=16128, stack(0x000000c8b1d00000,0x000000c8b1e00000)]
=>0x000001d9763eaab0 JavaThread "Start Level: Equinox Container: b345d854-e001-4f47-84ef-421e168505f4" daemon [_thread_in_vm, id=30716, stack(0x000000c8b1e00000,0x000000c8b1f00000)]
  0x000001d9764de2d0 JavaThread "SCR Component Actor" daemon [_thread_blocked, id=30364, stack(0x000000c8b1f00000,0x000000c8b2000000)]
  0x000001d976337020 JavaThread "SCR Component Registry" daemon [_thread_blocked, id=15572, stack(0x000000c8b2000000,0x000000c8b2100000)]
  0x000001d9764b3050 JavaThread "Worker-JM" [_thread_blocked, id=18532, stack(0x000000c8b2100000,0x000000c8b2200000)]
  0x000001d9765d2e60 JavaThread "Worker-0" [_thread_blocked, id=28604, stack(0x000000c8b2200000,0x000000c8b2300000)]
  0x000001d9766477e0 JavaThread "Worker-1" [_thread_blocked, id=30228, stack(0x000000c8b2300000,0x000000c8b2400000)]
  0x000001d9765fe050 JavaThread "C2 CompilerThread1" daemon [_thread_blocked, id=29384, stack(0x000000c8b2400000,0x000000c8b2500000)]

Other Threads:
  0x000001d96f87e280 VMThread "VM Thread" [stack: 0x000000c8b0800000,0x000000c8b0900000] [id=28516]
  0x000001d974f00ed0 WatcherThread [stack: 0x000000c8b1400000,0x000000c8b1500000] [id=26764]
  0x000001d959ad5bc0 GCTaskThread "GC Thread#0" [stack: 0x000000c8b0700000,0x000000c8b0800000] [id=3688]
  0x000001d97618a9e0 GCTaskThread "GC Thread#1" [stack: 0x000000c8b1500000,0x000000c8b1600000] [id=18000]
  0x000001d97618b0a0 GCTaskThread "GC Thread#2" [stack: 0x000000c8b1600000,0x000000c8b1700000] [id=28668]
  0x000001d975d580a0 GCTaskThread "GC Thread#3" [stack: 0x000000c8b1700000,0x000000c8b1800000] [id=30072]
  0x000001d975d58b60 GCTaskThread "GC Thread#4" [stack: 0x000000c8b1800000,0x000000c8b1900000] [id=26148]
  0x000001d976226f00 GCTaskThread "GC Thread#5" [stack: 0x000000c8b1900000,0x000000c8b1a00000] [id=22908]
  0x000001d9762271b0 GCTaskThread "GC Thread#6" [stack: 0x000000c8b1a00000,0x000000c8b1b00000] [id=9260]
  0x000001d9598fc350 GCTaskThread "GC Thread#7" [stack: 0x000000c8b1b00000,0x000000c8b1c00000] [id=29404]

Threads with active compile tasks:
C2 CompilerThread0     4089 2151       4       org.objectweb.asm.SymbolTable::addConstantNameAndType (28 bytes)

VM state: not at safepoint (normal execution)

VM Mutex/Monitor currently owned by a thread: None

Heap address: 0x00000000c0000000, size: 1024 MB, Compressed Oops mode: 32-bit

CDS archive(s) not mapped
Compressed class space mapped at: 0x0000000100000000-0x0000000140000000, reserved size: 1073741824
Narrow klass base: 0x0000000000000000, Narrow klass shift: 3, Narrow klass range: 0x140000000

GC Precious Log:
 CPUs: 8 total, 8 available
 Memory: 8005M
 Large Page Support: Disabled
 NUMA Support: Disabled
 Compressed Oops: Enabled (32-bit)
 Alignments: Space 512K, Generation 512K, Heap 2M
 Heap Min Capacity: 100M
 Heap Initial Capacity: 100M
 Heap Max Capacity: 1G
 Pre-touch: Disabled
 Parallel Workers: 8

Heap:
 PSYoungGen      total 29696K, used 14857K [0x00000000eab00000, 0x00000000ecc00000, 0x0000000100000000)
  eden space 25600K, 58% used [0x00000000eab00000,0x00000000eb982758,0x00000000ec400000)
  from space 4096K, 0% used [0x00000000ec800000,0x00000000ec800000,0x00000000ecc00000)
  to   space 4096K, 0% used [0x00000000ec400000,0x00000000ec400000,0x00000000ec800000)
 ParOldGen       total 68608K, used 6986K [0x00000000c0000000, 0x00000000c4300000, 0x00000000eab00000)
  object space 68608K, 10% used [0x00000000c0000000,0x00000000c06d2828,0x00000000c4300000)
 Metaspace       used 21983K, committed 22464K, reserved 1114112K
  class space    used 2226K, committed 2432K, reserved 1048576K

Card table byte_map: [0x000001d96d110000,0x000001d96d320000] _byte_map_base: 0x000001d96cb10000

Marking Bits: (ParMarkBitMap*) 0x00007ffffc4852c0
 Begin Bits: [0x000001d96d480000, 0x000001d96e480000)
 End Bits:   [0x000001d96e480000, 0x000001d96f480000)

Polling page: 0x000001d959b90000

Metaspace:

Usage:
  Non-class:     19.29 MB used.
      Class:      2.17 MB used.
       Both:     21.47 MB used.

Virtual space:
  Non-class space:       64.00 MB reserved,      19.56 MB ( 31%) committed,  1 nodes.
      Class space:        1.00 GB reserved,       2.38 MB ( <1%) committed,  1 nodes.
             Both:        1.06 GB reserved,      21.94 MB (  2%) committed. 

Chunk freelists:
   Non-Class:  11.75 MB
       Class:  13.67 MB
        Both:  25.42 MB

MaxMetaspaceSize: unlimited
CompressedClassSpaceSize: 1.00 GB
Initial GC threshold: 21.00 MB
Current GC threshold: 35.00 MB
CDS: off
MetaspaceReclaimPolicy: balanced
 - commit_granule_bytes: 65536.
 - commit_granule_words: 8192.
 - virtual_space_node_default_size: 8388608.
 - enlarge_chunks_in_place: 1.
 - new_chunks_are_fully_committed: 0.
 - uncommit_free_chunks: 1.
 - use_allocation_guard: 0.
 - handle_deallocations: 1.


Internal statistics:

num_allocs_failed_limit: 3.
num_arena_births: 192.
num_arena_deaths: 14.
num_vsnodes_births: 2.
num_vsnodes_deaths: 0.
num_space_committed: 351.
num_space_uncommitted: 0.
num_chunks_returned_to_freelist: 17.
num_chunks_taken_from_freelist: 729.
num_chunk_merges: 7.
num_chunk_splits: 470.
num_chunks_enlarged: 322.
num_inconsistent_stats: 0.

CodeHeap 'non-profiled nmethods': size=120000Kb used=849Kb max_used=849Kb free=119150Kb
 bounds [0x000001d965a00000, 0x000001d965c70000, 0x000001d96cf30000]
CodeHeap 'profiled nmethods': size=120000Kb used=4230Kb max_used=4230Kb free=115769Kb
 bounds [0x000001d95df30000, 0x000001d95e360000, 0x000001d965460000]
CodeHeap 'non-nmethods': size=5760Kb used=1189Kb max_used=1208Kb free=4570Kb
 bounds [0x000001d965460000, 0x000001d9656d0000, 0x000001d965a00000]
 total_blobs=2640 nmethods=2155 adapters=399
 compilation: enabled
              stopped_count=0, restarted_count=0
 full_count=0

Compilation events (20 events):
Event: 4.041 Thread 0x000001d974cbbfe0 nmethod 2149 0x000001d95e34c110 code [0x000001d95e34c380, 0x000001d95e34cc48]
Event: 4.041 Thread 0x000001d9765fe050 2146       4       org.objectweb.asm.SymbolTable::addConstantMemberReference (29 bytes)
Event: 4.041 Thread 0x000001d974cbbfe0 2148       3       org.objectweb.asm.MethodVisitor::visitVarInsn (17 bytes)
Event: 4.041 Thread 0x000001d974cbbfe0 nmethod 2148 0x000001d95e34d190 code [0x000001d95e34d340, 0x000001d95e34d548]
Event: 4.041 Thread 0x000001d974cbbfe0 2150       3       org.objectweb.asm.SymbolTable$Entry::<init> (17 bytes)
Event: 4.041 Thread 0x000001d974cbbfe0 nmethod 2150 0x000001d95e34d610 code [0x000001d95e34d7c0, 0x000001d95e34d948]
Event: 4.042 Thread 0x000001d974c27530 nmethod 2133 0x000001d965ad2790 code [0x000001d965ad2920, 0x000001d965ad2a88]
Event: 4.042 Thread 0x000001d974c27530 2132       4       java.lang.Character::charCount (12 bytes)
Event: 4.042 Thread 0x000001d974c27530 nmethod 2132 0x000001d965ad2c90 code [0x000001d965ad2e00, 0x000001d965ad2e78]
Event: 4.042 Thread 0x000001d974c27530 2134       4       java.util.regex.Pattern$BitClass::is (22 bytes)
Event: 4.043 Thread 0x000001d974c27530 nmethod 2134 0x000001d965ad2f90 code [0x000001d965ad3100, 0x000001d965ad31d8]
Event: 4.043 Thread 0x000001d974c27530 2152       4       org.objectweb.asm.SymbolTable$Entry::<init> (18 bytes)
Event: 4.044 Thread 0x000001d974cbbfe0 2153       3       org.objectweb.asm.ClassReader::readConst (276 bytes)
Event: 4.044 Thread 0x000001d974c27530 nmethod 2152 0x000001d965ad3290 code [0x000001d965ad3400, 0x000001d965ad34b8]
Event: 4.044 Thread 0x000001d974c27530 2151       4       org.objectweb.asm.SymbolTable::addConstantNameAndType (28 bytes)
Event: 4.046 Thread 0x000001d974cbbfe0 nmethod 2153 0x000001d95e34da10 code [0x000001d95e34de80, 0x000001d95e34fa18]
Event: 4.046 Thread 0x000001d974cbbfe0 2155       3       org.objectweb.asm.MethodWriter::visitFieldInsn (258 bytes)
Event: 4.048 Thread 0x000001d974cbbfe0 nmethod 2155 0x000001d95e350490 code [0x000001d95e350700, 0x000001d95e3512e8]
Event: 4.048 Thread 0x000001d974cbbfe0 2154       3       org.objectweb.asm.SymbolTable::hash (7 bytes)
Event: 4.048 Thread 0x000001d974cbbfe0 nmethod 2154 0x000001d95e351710 code [0x000001d95e3518a0, 0x000001d95e351998]

GC Heap History (10 events):
Event: 1.818 GC heap before
{Heap before GC invocations=1 (full 0):
 PSYoungGen      total 29696K, used 25600K [0x00000000eab00000, 0x00000000ecc00000, 0x0000000100000000)
  eden space 25600K, 100% used [0x00000000eab00000,0x00000000ec400000,0x00000000ec400000)
  from space 4096K, 0% used [0x00000000ec800000,0x00000000ec800000,0x00000000ecc00000)
  to   space 4096K, 0% used [0x00000000ec400000,0x00000000ec400000,0x00000000ec800000)
 ParOldGen       total 68608K, used 0K [0x00000000c0000000, 0x00000000c4300000, 0x00000000eab00000)
  object space 68608K, 0% used [0x00000000c0000000,0x00000000c0000000,0x00000000c4300000)
 Metaspace       used 11195K, committed 11392K, reserved 1114112K
  class space    used 1123K, committed 1216K, reserved 1048576K
}
Event: 1.827 GC heap after
{Heap after GC invocations=1 (full 0):
 PSYoungGen      total 29696K, used 3312K [0x00000000eab00000, 0x00000000ecc00000, 0x0000000100000000)
  eden space 25600K, 0% used [0x00000000eab00000,0x00000000eab00000,0x00000000ec400000)
  from space 4096K, 80% used [0x00000000ec400000,0x00000000ec73c3c8,0x00000000ec800000)
  to   space 4096K, 0% used [0x00000000ec800000,0x00000000ec800000,0x00000000ecc00000)
 ParOldGen       total 68608K, used 16K [0x00000000c0000000, 0x00000000c4300000, 0x00000000eab00000)
  object space 68608K, 0% used [0x00000000c0000000,0x00000000c0004000,0x00000000c4300000)
 Metaspace       used 11195K, committed 11392K, reserved 1114112K
  class space    used 1123K, committed 1216K, reserved 1048576K
}
Event: 2.820 GC heap before
{Heap before GC invocations=2 (full 0):
 PSYoungGen      total 29696K, used 28912K [0x00000000eab00000, 0x00000000ecc00000, 0x0000000100000000)
  eden space 25600K, 100% used [0x00000000eab00000,0x00000000ec400000,0x00000000ec400000)
  from space 4096K, 80% used [0x00000000ec400000,0x00000000ec73c3c8,0x00000000ec800000)
  to   space 4096K, 0% used [0x00000000ec800000,0x00000000ec800000,0x00000000ecc00000)
 ParOldGen       total 68608K, used 16K [0x00000000c0000000, 0x00000000c4300000, 0x00000000eab00000)
  object space 68608K, 0% used [0x00000000c0000000,0x00000000c0004000,0x00000000c4300000)
 Metaspace       used 15446K, committed 15744K, reserved 1114112K
  class space    used 1582K, committed 1728K, reserved 1048576K
}
Event: 2.828 GC heap after
{Heap after GC invocations=2 (full 0):
 PSYoungGen      total 29696K, used 4086K [0x00000000eab00000, 0x00000000ecc00000, 0x0000000100000000)
  eden space 25600K, 0% used [0x00000000eab00000,0x00000000eab00000,0x00000000ec400000)
  from space 4096K, 99% used [0x00000000ec800000,0x00000000ecbfd8d8,0x00000000ecc00000)
  to   space 4096K, 0% used [0x00000000ec400000,0x00000000ec400000,0x00000000ec800000)
 ParOldGen       total 68608K, used 962K [0x00000000c0000000, 0x00000000c4300000, 0x00000000eab00000)
  object space 68608K, 1% used [0x00000000c0000000,0x00000000c00f0b90,0x00000000c4300000)
 Metaspace       used 15446K, committed 15744K, reserved 1114112K
  class space    used 1582K, committed 1728K, reserved 1048576K
}
Event: 3.752 GC heap before
{Heap before GC invocations=3 (full 0):
 PSYoungGen      total 29696K, used 29686K [0x00000000eab00000, 0x00000000ecc00000, 0x0000000100000000)
  eden space 25600K, 100% used [0x00000000eab00000,0x00000000ec400000,0x00000000ec400000)
  from space 4096K, 99% used [0x00000000ec800000,0x00000000ecbfd8d8,0x00000000ecc00000)
  to   space 4096K, 0% used [0x00000000ec400000,0x00000000ec400000,0x00000000ec800000)
 ParOldGen       total 68608K, used 962K [0x00000000c0000000, 0x00000000c4300000, 0x00000000eab00000)
  object space 68608K, 1% used [0x00000000c0000000,0x00000000c00f0b90,0x00000000c4300000)
 Metaspace       used 20360K, committed 20736K, reserved 1114112K
  class space    used 2081K, committed 2240K, reserved 1048576K
}
Event: 3.757 GC heap after
{Heap after GC invocations=3 (full 0):
 PSYoungGen      total 29696K, used 4077K [0x00000000eab00000, 0x00000000ecc00000, 0x0000000100000000)
  eden space 25600K, 0% used [0x00000000eab00000,0x00000000eab00000,0x00000000ec400000)
  from space 4096K, 99% used [0x00000000ec400000,0x00000000ec7fb5a8,0x00000000ec800000)
  to   space 4096K, 0% used [0x00000000ec800000,0x00000000ec800000,0x00000000ecc00000)
 ParOldGen       total 68608K, used 2625K [0x00000000c0000000, 0x00000000c4300000, 0x00000000eab00000)
  object space 68608K, 3% used [0x00000000c0000000,0x00000000c02906b8,0x00000000c4300000)
 Metaspace       used 20360K, committed 20736K, reserved 1114112K
  class space    used 2081K, committed 2240K, reserved 1048576K
}
Event: 3.849 GC heap before
{Heap before GC invocations=4 (full 0):
 PSYoungGen      total 29696K, used 8396K [0x00000000eab00000, 0x00000000ecc00000, 0x0000000100000000)
  eden space 25600K, 16% used [0x00000000eab00000,0x00000000eaf37dd8,0x00000000ec400000)
  from space 4096K, 99% used [0x00000000ec400000,0x00000000ec7fb5a8,0x00000000ec800000)
  to   space 4096K, 0% used [0x00000000ec800000,0x00000000ec800000,0x00000000ecc00000)
 ParOldGen       total 68608K, used 2625K [0x00000000c0000000, 0x00000000c4300000, 0x00000000eab00000)
  object space 68608K, 3% used [0x00000000c0000000,0x00000000c02906b8,0x00000000c4300000)
 Metaspace       used 21001K, committed 21504K, reserved 1114112K
  class space    used 2149K, committed 2368K, reserved 1048576K
}
Event: 3.853 GC heap after
{Heap after GC invocations=4 (full 0):
 PSYoungGen      total 29696K, used 4084K [0x00000000eab00000, 0x00000000ecc00000, 0x0000000100000000)
  eden space 25600K, 0% used [0x00000000eab00000,0x00000000eab00000,0x00000000ec400000)
  from space 4096K, 99% used [0x00000000ec800000,0x00000000ecbfd138,0x00000000ecc00000)
  to   space 4096K, 0% used [0x00000000ec400000,0x00000000ec400000,0x00000000ec800000)
 ParOldGen       total 68608K, used 3066K [0x00000000c0000000, 0x00000000c4300000, 0x00000000eab00000)
  object space 68608K, 4% used [0x00000000c0000000,0x00000000c02fea80,0x00000000c4300000)
 Metaspace       used 21001K, committed 21504K, reserved 1114112K
  class space    used 2149K, committed 2368K, reserved 1048576K
}
Event: 3.853 GC heap before
{Heap before GC invocations=5 (full 1):
 PSYoungGen      total 29696K, used 4084K [0x00000000eab00000, 0x00000000ecc00000, 0x0000000100000000)
  eden space 25600K, 0% used [0x00000000eab00000,0x00000000eab00000,0x00000000ec400000)
  from space 4096K, 99% used [0x00000000ec800000,0x00000000ecbfd138,0x00000000ecc00000)
  to   space 4096K, 0% used [0x00000000ec400000,0x00000000ec400000,0x00000000ec800000)
 ParOldGen       total 68608K, used 3066K [0x00000000c0000000, 0x00000000c4300000, 0x00000000eab00000)
  object space 68608K, 4% used [0x00000000c0000000,0x00000000c02fea80,0x00000000c4300000)
 Metaspace       used 21001K, committed 21504K, reserved 1114112K
  class space    used 2149K, committed 2368K, reserved 1048576K
}
Event: 3.881 GC heap after
{Heap after GC invocations=5 (full 1):
 PSYoungGen      total 29696K, used 0K [0x00000000eab00000, 0x00000000ecc00000, 0x0000000100000000)
  eden space 25600K, 0% used [0x00000000eab00000,0x00000000eab00000,0x00000000ec400000)
  from space 4096K, 0% used [0x00000000ec800000,0x00000000ec800000,0x00000000ecc00000)
  to   space 4096K, 0% used [0x00000000ec400000,0x00000000ec400000,0x00000000ec800000)
 ParOldGen       total 68608K, used 6986K [0x00000000c0000000, 0x00000000c4300000, 0x00000000eab00000)
  object space 68608K, 10% used [0x00000000c0000000,0x00000000c06d2828,0x00000000c4300000)
 Metaspace       used 20988K, committed 21504K, reserved 1114112K
  class space    used 2146K, committed 2368K, reserved 1048576K
}

Dll operation events (9 events):
Event: 0.015 Loaded shared library c:\Users\ASUS\.vscode\extensions\redhat.java-1.20.0-win32-x64\jre\17.0.7-win32-x86_64\bin\java.dll
Event: 0.338 Loaded shared library c:\Users\ASUS\.vscode\extensions\redhat.java-1.20.0-win32-x64\jre\17.0.7-win32-x86_64\bin\zip.dll
Event: 0.354 Loaded shared library C:\Users\ASUS\.vscode\extensions\redhat.java-1.20.0-win32-x64\jre\17.0.7-win32-x86_64\bin\instrument.dll
Event: 0.390 Loaded shared library C:\Users\ASUS\.vscode\extensions\redhat.java-1.20.0-win32-x64\jre\17.0.7-win32-x86_64\bin\net.dll
Event: 0.395 Loaded shared library C:\Users\ASUS\.vscode\extensions\redhat.java-1.20.0-win32-x64\jre\17.0.7-win32-x86_64\bin\nio.dll
Event: 0.427 Loaded shared library C:\Users\ASUS\.vscode\extensions\redhat.java-1.20.0-win32-x64\jre\17.0.7-win32-x86_64\bin\zip.dll
Event: 0.460 Loaded shared library C:\Users\ASUS\.vscode\extensions\redhat.java-1.20.0-win32-x64\jre\17.0.7-win32-x86_64\bin\jimage.dll
Event: 0.630 Loaded shared library c:\Users\ASUS\.vscode\extensions\redhat.java-1.20.0-win32-x64\jre\17.0.7-win32-x86_64\bin\verify.dll
Event: 2.638 Loaded shared library C:\Users\ASUS\AppData\Roaming\Code\User\globalStorage\redhat.java\1.20.0\config_ss_win\org.eclipse.equinox.launcher\org.eclipse.equinox.launcher.win32.win32.x86_64_1.2.700.v20221108-1024\eclipse_11801.dll

Deoptimization events (20 events):
Event: 3.355 Thread 0x000001d9763eaab0 Uncommon trap: trap_request=0xffffff45 fr.pc=0x000001d965a38254 relative=0x0000000000000c34
Event: 3.355 Thread 0x000001d9763eaab0 Uncommon trap: reason=unstable_if action=reinterpret pc=0x000001d965a38254 method=lombok.patcher.PatchScript.classMatches(Ljava/lang/String;Ljava/util/Collection;)Z @ 25 c2
Event: 3.355 Thread 0x000001d9763eaab0 DEOPT PACKING pc=0x000001d965a38254 sp=0x000000c8b1ef6ed0
Event: 3.355 Thread 0x000001d9763eaab0 DEOPT UNPACKING pc=0x000001d9654b66a3 sp=0x000000c8b1ef6e90 mode 2
Event: 3.558 Thread 0x000001d9763eaab0 Uncommon trap: trap_request=0xffffff45 fr.pc=0x000001d965a6540c relative=0x0000000000000c2c
Event: 3.559 Thread 0x000001d9763eaab0 Uncommon trap: reason=unstable_if action=reinterpret pc=0x000001d965a6540c method=java.io.DataInputStream.readUTF(Ljava/io/DataInput;)Ljava/lang/String; @ 154 c2
Event: 3.559 Thread 0x000001d9763eaab0 DEOPT PACKING pc=0x000001d965a6540c sp=0x000000c8b1ef9390
Event: 3.559 Thread 0x000001d9763eaab0 DEOPT UNPACKING pc=0x000001d9654b66a3 sp=0x000000c8b1ef9318 mode 2
Event: 3.559 Thread 0x000001d9763eaab0 Uncommon trap: trap_request=0xffffff45 fr.pc=0x000001d965ab56ac relative=0x000000000000028c
Event: 3.559 Thread 0x000001d9763eaab0 Uncommon trap: reason=unstable_if action=reinterpret pc=0x000001d965ab56ac method=java.lang.String.<init>([CIILjava/lang/Void;)V @ 43 c2
Event: 3.559 Thread 0x000001d9763eaab0 DEOPT PACKING pc=0x000001d965ab56ac sp=0x000000c8b1ef9230
Event: 3.559 Thread 0x000001d9763eaab0 DEOPT UNPACKING pc=0x000001d9654b66a3 sp=0x000000c8b1ef91d0 mode 2
Event: 3.613 Thread 0x000001d9763eaab0 Uncommon trap: trap_request=0xffffff45 fr.pc=0x000001d965ab5b04 relative=0x0000000000000184
Event: 3.613 Thread 0x000001d9763eaab0 Uncommon trap: reason=unstable_if action=reinterpret pc=0x000001d965ab5b04 method=java.lang.String.lastIndexOf(II)I @ 4 c2
Event: 3.613 Thread 0x000001d9763eaab0 DEOPT PACKING pc=0x000001d965ab5b04 sp=0x000000c8b1ef7c00
Event: 3.613 Thread 0x000001d9763eaab0 DEOPT UNPACKING pc=0x000001d9654b66a3 sp=0x000000c8b1ef7b30 mode 2
Event: 3.653 Thread 0x000001d9763eaab0 Uncommon trap: trap_request=0xffffff45 fr.pc=0x000001d965a864c0 relative=0x0000000000000040
Event: 3.653 Thread 0x000001d9763eaab0 Uncommon trap: reason=unstable_if action=reinterpret pc=0x000001d965a864c0 method=sun.nio.fs.WindowsPathParser.isSlash(C)Z @ 9 c2
Event: 3.653 Thread 0x000001d9763eaab0 DEOPT PACKING pc=0x000001d965a864c0 sp=0x000000c8b1ef9330
Event: 3.653 Thread 0x000001d9763eaab0 DEOPT UNPACKING pc=0x000001d9654b66a3 sp=0x000000c8b1ef92b8 mode 2

Classes unloaded (7 events):
Event: 3.858 Thread 0x000001d96f87e280 Unloading class 0x0000000100212400 'java/lang/invoke/LambdaForm$MH+0x0000000100212400'
Event: 3.858 Thread 0x000001d96f87e280 Unloading class 0x0000000100212000 'java/lang/invoke/LambdaForm$MH+0x0000000100212000'
Event: 3.858 Thread 0x000001d96f87e280 Unloading class 0x0000000100211c00 'java/lang/invoke/LambdaForm$MH+0x0000000100211c00'
Event: 3.858 Thread 0x000001d96f87e280 Unloading class 0x0000000100211800 'java/lang/invoke/LambdaForm$MH+0x0000000100211800'
Event: 3.859 Thread 0x000001d96f87e280 Unloading class 0x0000000100211000 'java/lang/invoke/LambdaForm$BMH+0x0000000100211000'
Event: 3.859 Thread 0x000001d96f87e280 Unloading class 0x0000000100210c00 'java/lang/invoke/LambdaForm$DMH+0x0000000100210c00'
Event: 3.859 Thread 0x000001d96f87e280 Unloading class 0x000000010020e000 'java/lang/invoke/LambdaForm$DMH+0x000000010020e000'

Classes redefined (0 events):
No events

Internal exceptions (20 events):
Event: 3.376 Thread 0x000001d9763eaab0 Exception <a 'java/lang/NoSuchMethodError'{0x00000000ebbf3560}: 'void java.lang.invoke.DelegatingMethodHandle$Holder.delegate(java.lang.Object, java.lang.Object, int, java.lang.Object)'> (0x00000000ebbf3560) 
thrown [s\src\hotspot\share\interpreter\linkResolver.cpp, line 759]
Event: 3.376 Thread 0x000001d9763eaab0 Exception <a 'java/lang/NoSuchMethodError'{0x00000000ebbf7948}: 'int java.lang.invoke.DirectMethodHandle$Holder.invokeSpecial(java.lang.Object, java.lang.Object, java.lang.Object)'> (0x00000000ebbf7948) 
thrown [s\src\hotspot\share\interpreter\linkResolver.cpp, line 759]
Event: 3.379 Thread 0x000001d9763eaab0 Exception <a 'java/lang/NoSuchMethodError'{0x00000000ebc092f8}: 'int java.lang.invoke.DirectMethodHandle$Holder.invokeStatic(java.lang.Object, java.lang.Object, int)'> (0x00000000ebc092f8) 
thrown [s\src\hotspot\share\interpreter\linkResolver.cpp, line 759]
Event: 3.379 Thread 0x000001d9763eaab0 Exception <a 'java/lang/NoSuchMethodError'{0x00000000ebc0d320}: 'int java.lang.invoke.DirectMethodHandle$Holder.invokeSpecial(java.lang.Object, java.lang.Object, java.lang.Object, int)'> (0x00000000ebc0d320) 
thrown [s\src\hotspot\share\interpreter\linkResolver.cpp, line 759]
Event: 3.383 Thread 0x000001d9763eaab0 Exception <a 'java/lang/NoSuchMethodError'{0x00000000ebc28f20}: 'java.lang.Object java.lang.invoke.DirectMethodHandle$Holder.invokeStatic(java.lang.Object, java.lang.Object, java.lang.Object, java.lang.Object, int)'> (0x00000000ebc28f20) 
thrown [s\src\hotspot\share\interpreter\linkResolver.cpp, line 759]
Event: 3.385 Thread 0x000001d9763eaab0 Exception <a 'java/lang/NoSuchMethodError'{0x00000000ebc35160}: 'java.lang.Object java.lang.invoke.DelegatingMethodHandle$Holder.reinvoke_L(java.lang.Object, java.lang.Object, java.lang.Object, java.lang.Object, int, int)'> (0x00000000ebc35160) 
thrown [s\src\hotspot\share\interpreter\linkResolver.cpp, line 759]
Event: 3.389 Thread 0x000001d9763eaab0 Exception <a 'java/lang/NoSuchMethodError'{0x00000000ebc4cff8}: 'java.lang.Object java.lang.invoke.Invokers$Holder.invokeExact_MT(java.lang.Object, java.lang.Object, java.lang.Object, java.lang.Object)'> (0x00000000ebc4cff8) 
thrown [s\src\hotspot\share\interpreter\linkResolver.cpp, line 759]
Event: 3.561 Thread 0x000001d9763eaab0 Exception <a 'java/lang/NoSuchMethodError'{0x00000000ec099ad0}: 'java.lang.Object java.lang.invoke.DirectMethodHandle$Holder.newInvokeSpecial(java.lang.Object, java.lang.Object, java.lang.Object, java.lang.Object, java.lang.Object)'> (0x00000000ec099ad0) 
thrown [s\src\hotspot\share\interpreter\linkResolver.cpp, line 759]
Event: 3.744 Thread 0x000001d9763eaab0 Exception <a 'java/lang/NoSuchMethodError'{0x00000000ec3a7aa8}: 'java.lang.Object java.lang.invoke.DirectMethodHandle$Holder.invokeSpecial(java.lang.Object, java.lang.Object, java.lang.Object, long, java.lang.Object)'> (0x00000000ec3a7aa8) 
thrown [s\src\hotspot\share\interpreter\linkResolver.cpp, line 759]
Event: 3.745 Thread 0x000001d9763eaab0 Exception <a 'java/lang/NoSuchMethodError'{0x00000000ec3afc60}: 'java.lang.Object java.lang.invoke.DirectMethodHandle$Holder.newInvokeSpecial(java.lang.Object, java.lang.Object, java.lang.Object, long)'> (0x00000000ec3afc60) 
thrown [s\src\hotspot\share\interpreter\linkResolver.cpp, line 759]
Event: 3.745 Thread 0x000001d9763eaab0 Exception <a 'java/lang/NoSuchMethodError'{0x00000000ec3b4200}: 'java.lang.Object java.lang.invoke.DirectMethodHandle$Holder.invokeSpecial(java.lang.Object, java.lang.Object, java.lang.Object, java.lang.Object, long)'> (0x00000000ec3b4200) 
thrown [s\src\hotspot\share\interpreter\linkResolver.cpp, line 759]
Event: 3.761 Thread 0x000001d9763eaab0 Exception <a 'java/lang/NoSuchMethodError'{0x00000000eab0f5f0}: 'int java.lang.invoke.DirectMethodHandle$Holder.invokeStaticInit(java.lang.Object, java.lang.Object, java.lang.Object)'> (0x00000000eab0f5f0) 
thrown [s\src\hotspot\share\interpreter\linkResolver.cpp, line 759]
Event: 3.770 Thread 0x000001d9763eaab0 Exception <a 'java/lang/IncompatibleClassChangeError'{0x00000000eab76710}: Found class java.lang.Object, but interface was expected> (0x00000000eab76710) 
thrown [s\src\hotspot\share\interpreter\linkResolver.cpp, line 826]
Event: 3.776 Thread 0x000001d9763eaab0 Exception <a 'java/lang/NoSuchMethodError'{0x00000000eab88920}: 'java.lang.Object java.lang.invoke.DirectMethodHandle$Holder.invokeSpecial(java.lang.Object, java.lang.Object, java.lang.Object, int, java.lang.Object, java.lang.Object)'> (0x00000000eab88920) 
thrown [s\src\hotspot\share\interpreter\linkResolver.cpp, line 759]
Event: 3.777 Thread 0x000001d9763eaab0 Exception <a 'java/lang/NoSuchMethodError'{0x00000000eab910a8}: 'java.lang.Object java.lang.invoke.DirectMethodHandle$Holder.newInvokeSpecial(java.lang.Object, java.lang.Object, java.lang.Object, int, java.lang.Object)'> (0x00000000eab910a8) 
thrown [s\src\hotspot\share\interpreter\linkResolver.cpp, line 759]
Event: 3.778 Thread 0x000001d9763eaab0 Exception <a 'java/lang/NoSuchMethodError'{0x00000000eab95500}: 'java.lang.Object java.lang.invoke.DirectMethodHandle$Holder.invokeSpecial(java.lang.Object, java.lang.Object, java.lang.Object, java.lang.Object, int, java.lang.Object)'> (0x00000000eab95500) 
thrown [s\src\hotspot\share\interpreter\linkResolver.cpp, line 759]
Event: 3.779 Thread 0x000001d9765d2e60 Exception <a 'java/lang/NoSuchMethodError'{0x00000000eabff320}: 'java.lang.Object java.lang.invoke.DirectMethodHandle$Holder.invokeSpecial(java.lang.Object, java.lang.Object, int, java.lang.Object, java.lang.Object)'> (0x00000000eabff320) 
thrown [s\src\hotspot\share\interpreter\linkResolver.cpp, line 759]
Event: 3.780 Thread 0x000001d9765d2e60 Exception <a 'java/lang/NoSuchMethodError'{0x00000000eac069f0}: 'java.lang.Object java.lang.invoke.DirectMethodHandle$Holder.newInvokeSpecial(java.lang.Object, java.lang.Object, int, java.lang.Object)'> (0x00000000eac069f0) 
thrown [s\src\hotspot\share\interpreter\linkResolver.cpp, line 759]
Event: 3.781 Thread 0x000001d9765d2e60 Exception <a 'java/lang/NoSuchMethodError'{0x00000000eac0a500}: 'java.lang.Object java.lang.invoke.DirectMethodHandle$Holder.invokeSpecial(java.lang.Object, java.lang.Object, java.lang.Object, int, java.lang.Object)'> (0x00000000eac0a500) 
thrown [s\src\hotspot\share\interpreter\linkResolver.cpp, line 759]
Event: 3.807 Thread 0x000001d9765d2e60 Exception <a 'java/io/FileNotFoundException'{0x00000000ead90360}> (0x00000000ead90360) 
thrown [s\src\hotspot\share\prims\jni.cpp, line 516]

VM Operations (20 events):
Event: 2.263 Executing VM operation: HandshakeAllThreads
Event: 2.263 Executing VM operation: HandshakeAllThreads done
Event: 2.275 Executing VM operation: HandshakeAllThreads
Event: 2.276 Executing VM operation: HandshakeAllThreads done
Event: 2.301 Executing VM operation: HandshakeAllThreads
Event: 2.301 Executing VM operation: HandshakeAllThreads done
Event: 2.725 Executing VM operation: HandshakeAllThreads
Event: 2.725 Executing VM operation: HandshakeAllThreads done
Event: 2.820 Executing VM operation: ParallelGCFailedAllocation
Event: 2.828 Executing VM operation: ParallelGCFailedAllocation done
Event: 3.219 Executing VM operation: HandshakeAllThreads
Event: 3.219 Executing VM operation: HandshakeAllThreads done
Event: 3.373 Executing VM operation: HandshakeAllThreads
Event: 3.373 Executing VM operation: HandshakeAllThreads done
Event: 3.752 Executing VM operation: ParallelGCFailedAllocation
Event: 3.757 Executing VM operation: ParallelGCFailedAllocation done
Event: 3.796 Executing VM operation: HandshakeAllThreads
Event: 3.796 Executing VM operation: HandshakeAllThreads done
Event: 3.849 Executing VM operation: CollectForMetadataAllocation
Event: 3.881 Executing VM operation: CollectForMetadataAllocation done

Events (20 events):
Event: 3.831 loading class java/nio/channels/AsynchronousChannel
Event: 3.831 loading class java/nio/channels/AsynchronousChannel done
Event: 3.831 loading class java/nio/channels/AsynchronousByteChannel done
Event: 3.904 loading class java/util/zip/GZIPOutputStream
Event: 3.904 loading class java/util/zip/GZIPOutputStream done
Event: 3.905 loading class java/util/zip/GZIPInputStream
Event: 3.906 loading class java/util/zip/GZIPInputStream done
Event: 3.930 loading class java/io/StringReader
Event: 3.931 loading class java/io/StringReader done
Event: 3.940 loading class java/net/SocketTimeoutException
Event: 3.940 loading class java/io/InterruptedIOException
Event: 3.940 loading class java/io/InterruptedIOException done
Event: 3.940 loading class java/net/SocketTimeoutException done
Event: 3.940 loading class java/net/SocketException
Event: 3.940 loading class java/net/SocketException done
Event: 3.940 loading class java/net/UnknownHostException
Event: 3.940 loading class java/net/UnknownHostException done
Event: 3.940 loading class java/net/ProtocolException
Event: 3.941 loading class java/net/ProtocolException done
Event: 4.040 Thread 0x000001d9765fe050 Thread added: 0x000001d9765fe050


Dynamic libraries:
0x00007ff69df50000 - 0x00007ff69df5e000 	c:\Users\ASUS\.vscode\extensions\redhat.java-1.20.0-win32-x64\jre\17.0.7-win32-x86_64\bin\java.exe
0x00007ff864bd0000 - 0x00007ff864dc8000 	C:\WINDOWS\SYSTEM32\ntdll.dll
0x00007ff864ad0000 - 0x00007ff864b8f000 	C:\WINDOWS\System32\KERNEL32.DLL
0x00007ff8623b0000 - 0x00007ff8626a6000 	C:\WINDOWS\System32\KERNELBASE.dll
0x00007ff8622b0000 - 0x00007ff8623b0000 	C:\WINDOWS\System32\ucrtbase.dll
0x00007ff8368d0000 - 0x00007ff8368e7000 	c:\Users\ASUS\.vscode\extensions\redhat.java-1.20.0-win32-x64\jre\17.0.7-win32-x86_64\bin\jli.dll
0x00007ff863390000 - 0x00007ff86352d000 	C:\WINDOWS\System32\USER32.dll
0x00007ff862810000 - 0x00007ff862832000 	C:\WINDOWS\System32\win32u.dll
0x00007ff863a00000 - 0x00007ff863a2c000 	C:\WINDOWS\System32\GDI32.dll
0x00007ff836840000 - 0x00007ff836859000 	c:\Users\ASUS\.vscode\extensions\redhat.java-1.20.0-win32-x64\jre\17.0.7-win32-x86_64\bin\VCRUNTIME140.dll
0x00007ff862900000 - 0x00007ff862a15000 	C:\WINDOWS\System32\gdi32full.dll
0x00007ff8626b0000 - 0x00007ff86274d000 	C:\WINDOWS\System32\msvcp_win.dll
0x00007ff848960000 - 0x00007ff848bfa000 	C:\WINDOWS\WinSxS\amd64_microsoft.windows.common-controls_6595b64144ccf1df_6.0.19041.1110_none_60b5254171f9507e\COMCTL32.dll
0x00007ff864a30000 - 0x00007ff864ace000 	C:\WINDOWS\System32\msvcrt.dll
0x00007ff864830000 - 0x00007ff864860000 	C:\WINDOWS\System32\IMM32.DLL
0x00007ff84d140000 - 0x00007ff84d14c000 	c:\Users\ASUS\.vscode\extensions\redhat.java-1.20.0-win32-x64\jre\17.0.7-win32-x86_64\bin\vcruntime140_1.dll
0x00007ff821520000 - 0x00007ff8215b1000 	c:\Users\ASUS\.vscode\extensions\redhat.java-1.20.0-win32-x64\jre\17.0.7-win32-x86_64\bin\msvcp140.dll
0x00007ffffb900000 - 0x00007ffffc548000 	c:\Users\ASUS\.vscode\extensions\redhat.java-1.20.0-win32-x64\jre\17.0.7-win32-x86_64\bin\server\jvm.dll
0x00007ff864100000 - 0x00007ff8641af000 	C:\WINDOWS\System32\ADVAPI32.dll
0x00007ff863f90000 - 0x00007ff86402c000 	C:\WINDOWS\System32\sechost.dll
0x00007ff864630000 - 0x00007ff864756000 	C:\WINDOWS\System32\RPCRT4.dll
0x00007ff843290000 - 0x00007ff843299000 	C:\WINDOWS\SYSTEM32\WSOCK32.dll
0x00007ff85f8c0000 - 0x00007ff85f8e7000 	C:\WINDOWS\SYSTEM32\WINMM.dll
0x00007ff857270000 - 0x00007ff85727a000 	C:\WINDOWS\SYSTEM32\VERSION.dll
0x00007ff864090000 - 0x00007ff8640fb000 	C:\WINDOWS\System32\WS2_32.dll
0x00007ff860b30000 - 0x00007ff860b42000 	C:\WINDOWS\SYSTEM32\kernel.appcore.dll
0x00007ff84c9a0000 - 0x00007ff84c9aa000 	c:\Users\ASUS\.vscode\extensions\redhat.java-1.20.0-win32-x64\jre\17.0.7-win32-x86_64\bin\jimage.dll
0x00007ff860800000 - 0x00007ff8609e4000 	C:\WINDOWS\SYSTEM32\DBGHELP.DLL
0x00007ff8445a0000 - 0x00007ff8445d4000 	C:\WINDOWS\SYSTEM32\dbgcore.DLL
0x00007ff862750000 - 0x00007ff8627d2000 	C:\WINDOWS\System32\bcryptPrimitives.dll
0x00007ff84b8c0000 - 0x00007ff84b8ce000 	c:\Users\ASUS\.vscode\extensions\redhat.java-1.20.0-win32-x64\jre\17.0.7-win32-x86_64\bin\instrument.dll
0x00007ff833df0000 - 0x00007ff833e15000 	c:\Users\ASUS\.vscode\extensions\redhat.java-1.20.0-win32-x64\jre\17.0.7-win32-x86_64\bin\java.dll
0x00007ff8367e0000 - 0x00007ff8367f8000 	c:\Users\ASUS\.vscode\extensions\redhat.java-1.20.0-win32-x64\jre\17.0.7-win32-x86_64\bin\zip.dll
0x00007ff862c30000 - 0x00007ff863374000 	C:\WINDOWS\System32\SHELL32.dll
0x00007ff860060000 - 0x00007ff8607f4000 	C:\WINDOWS\SYSTEM32\windows.storage.dll
0x00007ff864210000 - 0x00007ff864564000 	C:\WINDOWS\System32\combase.dll
0x00007ff861cf0000 - 0x00007ff861d1e000 	C:\WINDOWS\SYSTEM32\Wldp.dll
0x00007ff863530000 - 0x00007ff8635dd000 	C:\WINDOWS\System32\SHCORE.dll
0x00007ff8649d0000 - 0x00007ff864a25000 	C:\WINDOWS\System32\shlwapi.dll
0x00007ff8621e0000 - 0x00007ff862205000 	C:\WINDOWS\SYSTEM32\profapi.dll
0x00007ff833db0000 - 0x00007ff833dc9000 	C:\Users\ASUS\.vscode\extensions\redhat.java-1.20.0-win32-x64\jre\17.0.7-win32-x86_64\bin\net.dll
0x00007ff851900000 - 0x00007ff851a0a000 	C:\WINDOWS\SYSTEM32\WINHTTP.dll
0x00007ff861a50000 - 0x00007ff861aba000 	C:\WINDOWS\system32\mswsock.dll
0x00007ff82d950000 - 0x00007ff82d965000 	C:\Users\ASUS\.vscode\extensions\redhat.java-1.20.0-win32-x64\jre\17.0.7-win32-x86_64\bin\nio.dll
0x00007ff84b7a0000 - 0x00007ff84b7b0000 	c:\Users\ASUS\.vscode\extensions\redhat.java-1.20.0-win32-x64\jre\17.0.7-win32-x86_64\bin\verify.dll
0x00007ff82b240000 - 0x00007ff82b27e000 	C:\Users\ASUS\AppData\Roaming\Code\User\globalStorage\redhat.java\1.20.0\config_ss_win\org.eclipse.equinox.launcher\org.eclipse.equinox.launcher.win32.win32.x86_64_1.2.700.v20221108-1024\eclipse_11801.dll
0x00007ff8635e0000 - 0x00007ff86370a000 	C:\WINDOWS\System32\ole32.dll

dbghelp: loaded successfully - version: 4.0.5 - missing functions: none
symbol engine: initialized successfully - sym options: 0x614 - pdb path: .;c:\Users\ASUS\.vscode\extensions\redhat.java-1.20.0-win32-x64\jre\17.0.7-win32-x86_64\bin;C:\WINDOWS\SYSTEM32;C:\WINDOWS\WinSxS\amd64_microsoft.windows.common-controls_6595b64144ccf1df_6.0.19041.1110_none_60b5254171f9507e;c:\Users\ASUS\.vscode\extensions\redhat.java-1.20.0-win32-x64\jre\17.0.7-win32-x86_64\bin\server;C:\Users\ASUS\AppData\Roaming\Code\User\globalStorage\redhat.java\1.20.0\config_ss_win\org.eclipse.equinox.launcher\org.eclipse.equinox.launcher.win32.win32.x86_64_1.2.700.v20221108-1024

VM Arguments:
jvm_args: --add-modules=ALL-SYSTEM --add-opens=java.base/java.util=ALL-UNNAMED --add-opens=java.base/java.lang=ALL-UNNAMED --add-opens=java.base/sun.nio.fs=ALL-UNNAMED -Declipse.application=org.eclipse.jdt.ls.core.id1 -Dosgi.bundles.defaultStartLevel=4 -Declipse.product=org.eclipse.jdt.ls.core.product -Djava.import.generatesMetadataFilesAtProjectRoot=false -Dfile.encoding=utf8 -XX:+UseParallelGC -XX:GCTimeRatio=4 -XX:AdaptiveSizePolicyWeight=90 -Dsun.zip.disableMemoryMapping=true -Xmx1G -Xms100m -Xlog:disable -javaagent:c:\Users\ASUS\.vscode\extensions\redhat.java-1.20.0-win32-x64\lombok\lombok-1.18.28.jar 
java_command: c:\Users\ASUS\.vscode\extensions\redhat.java-1.20.0-win32-x64\server\plugins\org.eclipse.equinox.launcher_1.6.500.v20230622-2056.jar -configuration c:\Users\ASUS\AppData\Roaming\Code\User\globalStorage\redhat.java\1.20.0\config_ss_win -data c:\Users\ASUS\AppData\Roaming\Code\User\workspaceStorage\1fb3f4979db81808107b25b3b1675e1f\redhat.java\ss_ws
java_class_path (initial): c:\Users\ASUS\.vscode\extensions\redhat.java-1.20.0-win32-x64\server\plugins\org.eclipse.equinox.launcher_1.6.500.v20230622-2056.jar
Launcher Type: SUN_STANDARD

[Global flags]
    uintx AdaptiveSizePolicyWeight                 = 90                                        {product} {command line}
     intx CICompilerCount                          = 4                                         {product} {ergonomic}
    uintx GCTimeRatio                              = 4                                         {product} {command line}
   size_t InitialHeapSize                          = 104857600                                 {product} {command line}
   size_t MaxHeapSize                              = 1073741824                                {product} {command line}
   size_t MaxNewSize                               = 357564416                                 {product} {ergonomic}
   size_t MinHeapDeltaBytes                        = 524288                                    {product} {ergonomic}
   size_t MinHeapSize                              = 104857600                                 {product} {command line}
   size_t NewSize                                  = 34603008                                  {product} {ergonomic}
    uintx NonNMethodCodeHeapSize                   = 5839372                                {pd product} {ergonomic}
    uintx NonProfiledCodeHeapSize                  = 122909434                              {pd product} {ergonomic}
   size_t OldSize                                  = 70254592                                  {product} {ergonomic}
    uintx ProfiledCodeHeapSize                     = 122909434                              {pd product} {ergonomic}
    uintx ReservedCodeCacheSize                    = 251658240                              {pd product} {ergonomic}
     bool SegmentedCodeCache                       = true                                      {product} {ergonomic}
   size_t SoftMaxHeapSize                          = 1073741824                             {manageable} {ergonomic}
     bool UseCompressedClassPointers               = true                           {product lp64_product} {ergonomic}
     bool UseCompressedOops                        = true                           {product lp64_product} {ergonomic}
     bool UseLargePagesIndividualAllocation        = false                                  {pd product} {ergonomic}
     bool UseParallelGC                            = true                                      {product} {command line}

Logging:
Log output configuration:
 #0: stdout all=off uptime,level,tags
 #1: stderr all=off uptime,level,tags

Environment Variables:
JAVA_HOME=C:\Program Files\Java\jdk-1.8
PATH=C:\Program Files\nodejs\;D:\vscode\c\x86_64-8.1.0-release-win32-seh-rt_v6-rev0\mingw64\bin;C:\Windows\system32;C:\Windows;C:\Windows\System32\Wbem;C:\Windows\System32\WindowsPowerShell\v1.0\;C:\Windows\System32\OpenSSH\;C:\Program Files (x86)\NVIDIA Corporation\PhysX\Common;C:\Program Files\NVIDIA Corporation\NVIDIA NvDLISR;C:\WINDOWS\system32;C:\WINDOWS;C:\WINDOWS\System32\Wbem;C:\WINDOWS\System32\WindowsPowerShell\v1.0\;C:\WINDOWS\System32\OpenSSH\;G:\matlab\bin\win32;C:\Program Files\MATLAB\R2013a\runtime\win64;C:\Program Files\MATLAB\R2013a\bin;j:\2021-06\quartus\bin;C:\Program;Files (x86)\STMicroelectronics\STM32 ST-LINK Utility\ST-LINK Utility;C:\Program Files\PuTTY\;E:\c\lingo\install\;C:\Pr;gram Files\Java\jdk1.8.0_301\bin;D:\java\apache-tomcat-9.0.54-windows-x64\apache-tomcat-9.0.54\bin;D:\java\apache-tomcat-9.0.54-windows-x64\apache-tomcat-9.0.54\bin;D:\java\apache-tomcat-9.0.54-windows-x64\apache-tomcat-9.0.54\lib;G:\\web\dll;C:\ProgramData\chocol;tey\bin;E:\c\;C:\Program Files\Pandoc\;C:\Program Files\Git\cmd;C:\Program Files\CMake\bin;C:\Program Files\Go\bin;C:\Program Files\Java\jdk-1.8\bin;C:\Users\ASUS\AppData\Local\Programs\Python\Python37\Scripts\;C:\Users\ASUS\AppData\Local\Programs\Python\Python37\;C:\Program Files\Tesseract-OCR\tessdata;C:\Users\ASUS\AppData\Local\Programs\Python\Python36\Scripts\;C:\Users\ASUS\AppData\Local\Programs\Python\Python36\;C:\Users\ASUS\Anaconda3;C:\Users\ASUS\Anaconda3\Library\mingw-w64\bin;C:\Users\ASUS\Anaconda3\Library\usr\bin;C:\Users\ASUS\Anaconda3\Library\bin;C:\Users\ASUS\Anaconda3\Scripts;C:\Users\ASUS\AppData\Local\Programs\Python\Python38-32\Scripts\;C:\Users\ASUS\AppData\Local\Programs\Python\Python38-32\;C:\Users\ASUS\AppData\Local\Microsoft\WindowsApps;%PyCharm Community Edition%;D:\vscode\Microsoft VS Code\bin;C:\Program Files (x86)\Microsoft Visual Studio\VC98\Bin\CL.EXE;D:\webstorm\install\WebStorm 2021.1.1\bin;;C:\Users\A
USERNAME=ASUS
OS=Windows_NT
PROCESSOR_IDENTIFIER=Intel64 Family 6 Model 142 Stepping 12, GenuineIntel
TMP=C:\Users\ASUS\AppData\Local\Temp
TEMP=C:\Users\ASUS\AppData\Local\Temp



---------------  S Y S T E M  ---------------

OS:
 Windows 10 , 64 bit Build 19041 (10.0.19041.3155)
OS uptime: 1 days 9:08 hours

CPU: total 8 (initial active 8) (4 cores per cpu, 2 threads per core) family 6 model 142 stepping 12 microcode 0xea, cx8, cmov, fxsr, ht, mmx, 3dnowpref, sse, sse2, sse3, ssse3, sse4.1, sse4.2, popcnt, lzcnt, tsc, tscinvbit, avx, avx2, aes, erms, clmul, bmi1, bmi2, adx, fma, vzeroupper, clflush, clflushopt

Memory: 4k page, system-wide physical 8005M (479M free)
TotalPageFile size 12680M (AvailPageFile size 0M)
current process WorkingSet (physical memory assigned to process): 111M, peak: 111M
current process commit charge ("private bytes"): 219M, peak: 219M

vm_info: OpenJDK 64-Bit Server VM (17.0.7+7) for windows-amd64 JRE (17.0.7+7), built on Apr 18 2023 22:10:42 by "temurin" with MS VC++ 16.7 (VS2019)

END.
