#
# There is insufficient memory for the Java Runtime Environment to continue.
# Native memory allocation (malloc) failed to allocate 32744 bytes for ChunkPool::allocate
# Possible reasons:
#   The system is out of physical RAM or swap space
#   The process is running with CompressedOops enabled, and the Java Heap may be blocking the growth of the native heap
# Possible solutions:
#   Reduce memory load on the system
#   Increase physical memory or swap space
#   Check if swap backing store is full
#   Decrease Java heap size (-Xmx/-Xms)
#   Decrease number of Java threads
#   Decrease Java thread stack sizes (-Xss)
#   Set larger code cache with -XX:ReservedCodeCacheSize=
#   JVM is running with Unscaled Compressed Oops mode in which the Java heap is
#     placed in the first 4GB address space. The Java Heap base address is the
#     maximum limit for the native heap growth. Please use -XX:HeapBaseMinAddress
#     to set the Java Heap base and to place the Java Heap above 4GB virtual address.
# This output file may be truncated or incomplete.
#
#  Out of Memory Error (arena.cpp:78), pid=28500, tid=13824
#
# JRE version: OpenJDK Runtime Environment Temurin-17.0.7+7 (17.0.7+7) (build 17.0.7+7)
# Java VM: OpenJDK 64-Bit Server VM Temurin-17.0.7+7 (17.0.7+7, mixed mode, tiered, compressed oops, compressed class ptrs, parallel gc, windows-amd64)
# No core dump will be written. Minidumps are not enabled by default on client versions of Windows
#

---------------  S U M M A R Y ------------

Command Line: --add-modules=ALL-SYSTEM --add-opens=java.base/java.util=ALL-UNNAMED --add-opens=java.base/java.lang=ALL-UNNAMED --add-opens=java.base/sun.nio.fs=ALL-UNNAMED -Declipse.application=org.eclipse.jdt.ls.core.id1 -Dosgi.bundles.defaultStartLevel=4 -Declipse.product=org.eclipse.jdt.ls.core.product -Djava.import.generatesMetadataFilesAtProjectRoot=false -Dfile.encoding=utf8 -XX:+UseParallelGC -XX:GCTimeRatio=4 -XX:AdaptiveSizePolicyWeight=90 -Dsun.zip.disableMemoryMapping=true -Xmx1G -Xms100m -Xlog:disable -javaagent:c:\Users\ASUS\.vscode\extensions\redhat.java-1.20.0-win32-x64\lombok\lombok-1.18.28.jar c:\Users\ASUS\.vscode\extensions\redhat.java-1.20.0-win32-x64\server\plugins\org.eclipse.equinox.launcher_1.6.500.v20230622-2056.jar -configuration c:\Users\ASUS\AppData\Roaming\Code\User\globalStorage\redhat.java\1.20.0\config_ss_win -data c:\Users\ASUS\AppData\Roaming\Code\User\workspaceStorage\1fb3f4979db81808107b25b3b1675e1f\redhat.java\ss_ws

Host: Intel(R) Core(TM) i5-8265U CPU @ 1.60GHz, 8 cores, 7G,  Windows 10 , 64 bit Build 19041 (10.0.19041.3155)
Time: Sat Jul 22 20:19:20 2023  Windows 10 , 64 bit Build 19041 (10.0.19041.3155) elapsed time: 1.042750 seconds (0d 0h 0m 1s)

---------------  T H R E A D  ---------------

Current thread (0x0000023f10c232b0):  JavaThread "main" [_thread_in_vm, id=13824, stack(0x000000972d700000,0x000000972d800000)]

Stack: [0x000000972d700000,0x000000972d800000]
Native frames: (J=compiled Java code, j=interpreted, Vv=VM code, C=native code)
V  [jvm.dll+0x67754a]
V  [jvm.dll+0x834304]
V  [jvm.dll+0x835aae]
V  [jvm.dll+0x836113]
V  [jvm.dll+0x24696f]
V  [jvm.dll+0xac2cc]
V  [jvm.dll+0xac67c]
V  [jvm.dll+0x7564a5]
V  [jvm.dll+0x823c51]
V  [jvm.dll+0x828cdc]
V  [jvm.dll+0x821e4c]
V  [jvm.dll+0x371afc]
V  [jvm.dll+0x40d39e]
V  [jvm.dll+0x418c6d]
C  0x0000023f1c5bd581

Java frames: (J=compiled Java code, j=interpreted, Vv=VM code)
j  java.lang.Class.getDeclaredMethods0(Z)[Ljava/lang/reflect/Method;+0 java.base@17.0.7
j  java.lang.Class.privateGetDeclaredMethods(Z)[Ljava/lang/reflect/Method;+34 java.base@17.0.7
j  java.lang.Class.getMethodsRecursive(Ljava/lang/String;[Ljava/lang/Class;Z)Ljava/lang/PublicMethods$MethodList;+2 java.base@17.0.7
j  java.lang.Class.getMethod0(Ljava/lang/String;[Ljava/lang/Class;)Ljava/lang/reflect/Method;+14 java.base@17.0.7
j  java.lang.Class.getMethod(Ljava/lang/String;[Ljava/lang/Class;)Ljava/lang/reflect/Method;+26 java.base@17.0.7
j  sun.launcher.LauncherHelper.validateMainClass(Ljava/lang/Class;)V+15 java.base@17.0.7
j  sun.launcher.LauncherHelper.checkAndLoadMain(ZILjava/lang/String;)Ljava/lang/Class;+78 java.base@17.0.7
v  ~StubRoutines::call_stub

---------------  P R O C E S S  ---------------

Threads class SMR info:
_java_thread_list=0x0000023f2cc499a0, length=14, elements={
0x0000023f10c232b0, 0x0000023f269f4750, 0x0000023f269f7af0, 0x0000023f2bd46940,
0x0000023f2bd47ad0, 0x0000023f2bd20980, 0x0000023f2bd23c00, 0x0000023f2bd68790,
0x0000023f2bd6b8f0, 0x0000023f2bd78620, 0x0000023f2be1ac80, 0x0000023f2bf62a40,
0x0000023f2bf84250, 0x0000023f2ce45ff0
}

Java Threads: ( => current thread )
=>0x0000023f10c232b0 JavaThread "main" [_thread_in_vm, id=13824, stack(0x000000972d700000,0x000000972d800000)]
  0x0000023f269f4750 JavaThread "Reference Handler" daemon [_thread_blocked, id=3392, stack(0x000000972da00000,0x000000972db00000)]
  0x0000023f269f7af0 JavaThread "Finalizer" daemon [_thread_blocked, id=11900, stack(0x000000972db00000,0x000000972dc00000)]
  0x0000023f2bd46940 JavaThread "Signal Dispatcher" daemon [_thread_blocked, id=8396, stack(0x000000972dc00000,0x000000972dd00000)]
  0x0000023f2bd47ad0 JavaThread "Attach Listener" daemon [_thread_blocked, id=11512, stack(0x000000972dd00000,0x000000972de00000)]
  0x0000023f2bd20980 JavaThread "Service Thread" daemon [_thread_blocked, id=15928, stack(0x000000972de00000,0x000000972df00000)]
  0x0000023f2bd23c00 JavaThread "Monitor Deflation Thread" daemon [_thread_blocked, id=2612, stack(0x000000972df00000,0x000000972e000000)]
  0x0000023f2bd68790 JavaThread "C2 CompilerThread0" daemon [_thread_in_native, id=27812, stack(0x000000972e000000,0x000000972e100000)]
  0x0000023f2bd6b8f0 JavaThread "C1 CompilerThread0" daemon [_thread_blocked, id=28164, stack(0x000000972e100000,0x000000972e200000)]
  0x0000023f2bd78620 JavaThread "Sweeper thread" daemon [_thread_blocked, id=24684, stack(0x000000972e200000,0x000000972e300000)]
  0x0000023f2be1ac80 JavaThread "Common-Cleaner" daemon [_thread_blocked, id=26848, stack(0x000000972e300000,0x000000972e400000)]
  0x0000023f2bf62a40 JavaThread "Notification Thread" daemon [_thread_blocked, id=23920, stack(0x000000972e400000,0x000000972e500000)]
  0x0000023f2bf84250 JavaThread "C2 CompilerThread1" daemon [_thread_in_native, id=26808, stack(0x000000972e600000,0x000000972e700000)]
  0x0000023f2ce45ff0 JavaThread "C2 CompilerThread2" daemon [_thread_in_native, id=27252, stack(0x000000972e700000,0x000000972e800000)]

Other Threads:
  0x0000023f2bd10c20 VMThread "VM Thread" [stack: 0x000000972d900000,0x000000972da00000] [id=26536]
  0x0000023f2c047f10 WatcherThread [stack: 0x000000972e500000,0x000000972e600000] [id=28908]
  0x0000023f10c376b0 GCTaskThread "GC Thread#0" [stack: 0x000000972d800000,0x000000972d900000] [id=24708]

Threads with active compile tasks:
C2 CompilerThread0     1091  557       4       lombok.patcher.scripts.MethodLevelPatchScript::patch (21 bytes)
C2 CompilerThread1     1091  559       4       java.util.HashSet::iterator (13 bytes)
C2 CompilerThread2     1091  558       4       lombok.patcher.PatchScript::classMatches (41 bytes)

VM state: not at safepoint (normal execution)

VM Mutex/Monitor currently owned by a thread: None

Heap address: 0x00000000c0000000, size: 1024 MB, Compressed Oops mode: 32-bit

CDS archive(s) not mapped
Compressed class space mapped at: 0x0000000100000000-0x0000000140000000, reserved size: 1073741824
Narrow klass base: 0x0000000000000000, Narrow klass shift: 3, Narrow klass range: 0x140000000

GC Precious Log:
 CPUs: 8 total, 8 available
 Memory: 8005M
 Large Page Support: Disabled
 NUMA Support: Disabled
 Compressed Oops: Enabled (32-bit)
 Alignments: Space 512K, Generation 512K, Heap 2M
 Heap Min Capacity: 100M
 Heap Initial Capacity: 100M
 Heap Max Capacity: 1G
 Pre-touch: Disabled
 Parallel Workers: 8

Heap:
 PSYoungGen      total 29696K, used 13396K [0x00000000eab00000, 0x00000000ecc00000, 0x0000000100000000)
  eden space 25600K, 52% used [0x00000000eab00000,0x00000000eb815118,0x00000000ec400000)
  from space 4096K, 0% used [0x00000000ec800000,0x00000000ec800000,0x00000000ecc00000)
  to   space 4096K, 0% used [0x00000000ec400000,0x00000000ec400000,0x00000000ec800000)
 ParOldGen       total 68608K, used 0K [0x00000000c0000000, 0x00000000c4300000, 0x00000000eab00000)
  object space 68608K, 0% used [0x00000000c0000000,0x00000000c0000000,0x00000000c4300000)
 Metaspace       used 8924K, committed 9024K, reserved 1114112K
  class space    used 881K, committed 960K, reserved 1048576K

Card table byte_map: [0x0000023f24270000,0x0000023f24480000] _byte_map_base: 0x0000023f23c70000

Marking Bits: (ParMarkBitMap*) 0x00007ffffc4852c0
 Begin Bits: [0x0000023f245e0000, 0x0000023f255e0000)
 End Bits:   [0x0000023f255e0000, 0x0000023f265e0000)

Polling page: 0x0000023f10cf0000

Metaspace:

Usage:
  Non-class:      7.85 MB used.
      Class:    881.77 KB used.
       Both:      8.72 MB used.

Virtual space:
  Non-class space:       64.00 MB reserved,       7.88 MB ( 12%) committed,  1 nodes.
      Class space:        1.00 GB reserved,     960.00 KB ( <1%) committed,  1 nodes.
             Both:        1.06 GB reserved,       8.81 MB ( <1%) committed. 

Chunk freelists:
   Non-Class:  7.94 MB
       Class:  15.09 MB
        Both:  23.03 MB

MaxMetaspaceSize: unlimited
CompressedClassSpaceSize: 1.00 GB
Initial GC threshold: 21.00 MB
Current GC threshold: 21.00 MB
CDS: off
MetaspaceReclaimPolicy: balanced
 - commit_granule_bytes: 65536.
 - commit_granule_words: 8192.
 - virtual_space_node_default_size: 8388608.
 - enlarge_chunks_in_place: 1.
 - new_chunks_are_fully_committed: 0.
 - uncommit_free_chunks: 1.
 - use_allocation_guard: 0.
 - handle_deallocations: 1.


Internal statistics:

num_allocs_failed_limit: 0.
num_arena_births: 10.
num_arena_deaths: 0.
num_vsnodes_births: 2.
num_vsnodes_deaths: 0.
num_space_committed: 141.
num_space_uncommitted: 0.
num_chunks_returned_to_freelist: 0.
num_chunks_taken_from_freelist: 43.
num_chunk_merges: 0.
num_chunk_splits: 24.
num_chunks_enlarged: 18.
num_inconsistent_stats: 0.

CodeHeap 'non-profiled nmethods': size=120000Kb used=206Kb max_used=206Kb free=119793Kb
 bounds [0x0000023f1cb50000, 0x0000023f1cdc0000, 0x0000023f24080000]
CodeHeap 'profiled nmethods': size=120000Kb used=801Kb max_used=801Kb free=119198Kb
 bounds [0x0000023f15080000, 0x0000023f152f0000, 0x0000023f1c5b0000]
CodeHeap 'non-nmethods': size=5760Kb used=1135Kb max_used=1155Kb free=4624Kb
 bounds [0x0000023f1c5b0000, 0x0000023f1c820000, 0x0000023f1cb50000]
 total_blobs=996 nmethods=570 adapters=341
 compilation: enabled
              stopped_count=0, restarted_count=0
 full_count=0

Compilation events (20 events):
Event: 1.017 Thread 0x0000023f2bd6b8f0 nmethod 552 0x0000023f15138e90 code [0x0000023f15139060, 0x0000023f15139528]
Event: 1.017 Thread 0x0000023f2bd6b8f0  553       3       java.lang.invoke.VarHandleGuards::guard_LI_I (78 bytes)
Event: 1.019 Thread 0x0000023f2bf84250  556       4       java.util.Collections$UnmodifiableCollection::iterator (9 bytes)
Event: 1.019 Thread 0x0000023f2bd68790  557       4       lombok.patcher.scripts.MethodLevelPatchScript::patch (21 bytes)
Event: 1.020 Thread 0x0000023f2bd6b8f0 nmethod 553 0x0000023f15139690 code [0x0000023f151399c0, 0x0000023f1513b4c8]
Event: 1.020 Thread 0x0000023f2bd6b8f0  554       3       java.lang.invoke.VarHandleByteArrayAsInts$ArrayHandle::get (36 bytes)
Event: 1.020 Thread 0x0000023f2bd6b8f0 nmethod 554 0x0000023f1513bd10 code [0x0000023f1513bee0, 0x0000023f1513c398]
Event: 1.020 Thread 0x0000023f2bd6b8f0  561       3       java.util.Arrays::copyOf (40 bytes)
Event: 1.021 Thread 0x0000023f2bd6b8f0 nmethod 561 0x0000023f1513c590 code [0x0000023f1513c780, 0x0000023f1513ce28]
Event: 1.022 Thread 0x0000023f2bd6b8f0  562       3       java.util.concurrent.ConcurrentHashMap$Node::<init> (14 bytes)
Event: 1.022 Thread 0x0000023f2bd6b8f0 nmethod 562 0x0000023f1513d010 code [0x0000023f1513d1c0, 0x0000023f1513d3d8]
Event: 1.022 Thread 0x0000023f2bd6b8f0  563       3       java.security.Provider$ServiceKey::<init> (39 bytes)
Event: 1.023 Thread 0x0000023f2bd6b8f0 nmethod 563 0x0000023f1513d510 code [0x0000023f1513d700, 0x0000023f1513db48]
Event: 1.023 Thread 0x0000023f2bd6b8f0  564       1       java.security.Provider$UString::toString (5 bytes)
Event: 1.023 Thread 0x0000023f2bd6b8f0 nmethod 564 0x0000023f1cb7ff10 code [0x0000023f1cb800a0, 0x0000023f1cb80178]
Event: 1.023 Thread 0x0000023f2bd6b8f0  565       1       java.security.Provider$Service::getProvider (5 bytes)
Event: 1.024 Thread 0x0000023f2bd6b8f0 nmethod 565 0x0000023f1cb80210 code [0x0000023f1cb803a0, 0x0000023f1cb80478]
Event: 1.026 Thread 0x0000023f2bd6b8f0  566       3       sun.security.provider.SHA2::implCompress0 (490 bytes)
Event: 1.027 Thread 0x0000023f2bd6b8f0 nmethod 566 0x0000023f1513dd10 code [0x0000023f1513df00, 0x0000023f1513e768]
Event: 1.027 Thread 0x0000023f2bd6b8f0  567       3       sun.security.provider.ByteArrayAccess::b2iBig64 (231 bytes)

GC Heap History (0 events):
No events

Dll operation events (8 events):
Event: 0.012 Loaded shared library c:\Users\ASUS\.vscode\extensions\redhat.java-1.20.0-win32-x64\jre\17.0.7-win32-x86_64\bin\java.dll
Event: 0.229 Loaded shared library c:\Users\ASUS\.vscode\extensions\redhat.java-1.20.0-win32-x64\jre\17.0.7-win32-x86_64\bin\zip.dll
Event: 0.243 Loaded shared library C:\Users\ASUS\.vscode\extensions\redhat.java-1.20.0-win32-x64\jre\17.0.7-win32-x86_64\bin\instrument.dll
Event: 0.262 Loaded shared library C:\Users\ASUS\.vscode\extensions\redhat.java-1.20.0-win32-x64\jre\17.0.7-win32-x86_64\bin\net.dll
Event: 0.267 Loaded shared library C:\Users\ASUS\.vscode\extensions\redhat.java-1.20.0-win32-x64\jre\17.0.7-win32-x86_64\bin\nio.dll
Event: 0.281 Loaded shared library C:\Users\ASUS\.vscode\extensions\redhat.java-1.20.0-win32-x64\jre\17.0.7-win32-x86_64\bin\zip.dll
Event: 0.308 Loaded shared library C:\Users\ASUS\.vscode\extensions\redhat.java-1.20.0-win32-x64\jre\17.0.7-win32-x86_64\bin\jimage.dll
Event: 0.434 Loaded shared library c:\Users\ASUS\.vscode\extensions\redhat.java-1.20.0-win32-x64\jre\17.0.7-win32-x86_64\bin\verify.dll

Deoptimization events (20 events):
Event: 0.966 Thread 0x0000023f10c232b0 Uncommon trap: trap_request=0xffffffde fr.pc=0x0000023f1cb725c4 relative=0x0000000000000124
Event: 0.966 Thread 0x0000023f10c232b0 Uncommon trap: reason=class_check action=maybe_recompile pc=0x0000023f1cb725c4 method=jdk.internal.misc.Unsafe.allocateUninitializedArray(Ljava/lang/Class;I)Ljava/lang/Object; @ 51 c2
Event: 0.966 Thread 0x0000023f10c232b0 DEOPT PACKING pc=0x0000023f1cb725c4 sp=0x000000972d7fd4f0
Event: 0.966 Thread 0x0000023f10c232b0 DEOPT UNPACKING pc=0x0000023f1c6066a3 sp=0x000000972d7fd490 mode 2
Event: 0.967 Thread 0x0000023f10c232b0 Uncommon trap: trap_request=0xffffffde fr.pc=0x0000023f1cb725c4 relative=0x0000000000000124
Event: 0.967 Thread 0x0000023f10c232b0 Uncommon trap: reason=class_check action=maybe_recompile pc=0x0000023f1cb725c4 method=jdk.internal.misc.Unsafe.allocateUninitializedArray(Ljava/lang/Class;I)Ljava/lang/Object; @ 51 c2
Event: 0.967 Thread 0x0000023f10c232b0 DEOPT PACKING pc=0x0000023f1cb725c4 sp=0x000000972d7fd4f0
Event: 0.967 Thread 0x0000023f10c232b0 DEOPT UNPACKING pc=0x0000023f1c6066a3 sp=0x000000972d7fd490 mode 2
Event: 0.990 Thread 0x0000023f10c232b0 Uncommon trap: trap_request=0xffffffde fr.pc=0x0000023f1cb725c4 relative=0x0000000000000124
Event: 0.990 Thread 0x0000023f10c232b0 Uncommon trap: reason=class_check action=maybe_recompile pc=0x0000023f1cb725c4 method=jdk.internal.misc.Unsafe.allocateUninitializedArray(Ljava/lang/Class;I)Ljava/lang/Object; @ 51 c2
Event: 0.991 Thread 0x0000023f10c232b0 DEOPT PACKING pc=0x0000023f1cb725c4 sp=0x000000972d7fd680
Event: 0.991 Thread 0x0000023f10c232b0 DEOPT UNPACKING pc=0x0000023f1c6066a3 sp=0x000000972d7fd620 mode 2
Event: 0.991 Thread 0x0000023f10c232b0 Uncommon trap: trap_request=0xffffffde fr.pc=0x0000023f1cb725c4 relative=0x0000000000000124
Event: 0.991 Thread 0x0000023f10c232b0 Uncommon trap: reason=class_check action=maybe_recompile pc=0x0000023f1cb725c4 method=jdk.internal.misc.Unsafe.allocateUninitializedArray(Ljava/lang/Class;I)Ljava/lang/Object; @ 51 c2
Event: 0.991 Thread 0x0000023f10c232b0 DEOPT PACKING pc=0x0000023f1cb725c4 sp=0x000000972d7fd680
Event: 0.991 Thread 0x0000023f10c232b0 DEOPT UNPACKING pc=0x0000023f1c6066a3 sp=0x000000972d7fd620 mode 2
Event: 0.993 Thread 0x0000023f10c232b0 Uncommon trap: trap_request=0xffffffde fr.pc=0x0000023f1cb5e47c relative=0x00000000000006fc
Event: 0.993 Thread 0x0000023f10c232b0 Uncommon trap: reason=class_check action=maybe_recompile pc=0x0000023f1cb5e47c method=java.util.HashMap.putVal(ILjava/lang/Object;Ljava/lang/Object;ZZ)Ljava/lang/Object; @ 91 c2
Event: 0.993 Thread 0x0000023f10c232b0 DEOPT PACKING pc=0x0000023f1cb5e47c sp=0x000000972d7fd990
Event: 0.993 Thread 0x0000023f10c232b0 DEOPT UNPACKING pc=0x0000023f1c6066a3 sp=0x000000972d7fd930 mode 2

Classes unloaded (0 events):
No events

Classes redefined (0 events):
No events

Internal exceptions (2 events):
Event: 0.186 Thread 0x0000023f10c232b0 Exception <a 'java/lang/NoSuchMethodError'{0x00000000eac534a8}: 'void java.lang.invoke.DirectMethodHandle$Holder.invokeStatic(java.lang.Object, java.lang.Object, java.lang.Object)'> (0x00000000eac534a8) 
thrown [s\src\hotspot\share\interpreter\linkResolver.cpp, line 759]
Event: 0.512 Thread 0x0000023f10c232b0 Exception <a 'java/lang/reflect/InvocationTargetException'{0x00000000eafb41e8}> (0x00000000eafb41e8) 
thrown [s\src\hotspot\share\runtime\reflection.cpp, line 1121]

VM Operations (6 events):
Event: 0.195 Executing VM operation: HandshakeAllThreads
Event: 0.195 Executing VM operation: HandshakeAllThreads done
Event: 0.332 Executing VM operation: HandshakeAllThreads
Event: 0.332 Executing VM operation: HandshakeAllThreads done
Event: 1.015 Executing VM operation: HandshakeAllThreads
Event: 1.016 Executing VM operation: HandshakeAllThreads done

Events (20 events):
Event: 1.014 loading class sun/security/util/Length
Event: 1.014 loading class sun/security/util/Length done
Event: 1.014 loading class javax/crypto/SecretKey
Event: 1.015 loading class javax/crypto/SecretKey done
Event: 1.015 loading class java/util/LinkedHashMap$LinkedEntrySet
Event: 1.015 loading class java/util/LinkedHashMap$LinkedEntrySet done
Event: 1.015 loading class java/util/LinkedHashMap$LinkedEntryIterator
Event: 1.015 loading class java/util/LinkedHashMap$LinkedEntryIterator done
Event: 1.017 loading class java/util/Base64
Event: 1.018 loading class java/util/Base64 done
Event: 1.018 loading class java/util/Base64$Decoder
Event: 1.018 loading class java/util/Base64$Decoder done
Event: 1.019 loading class java/util/Base64$Encoder
Event: 1.019 loading class java/util/Base64$Encoder done
Event: 1.019 loading class java/util/jar/JarVerifier$VerifierStream
Event: 1.020 loading class java/util/jar/JarVerifier$VerifierStream done
Event: 1.020 loading class sun/security/util/ManifestEntryVerifier$SunProviderHolder
Event: 1.020 loading class sun/security/util/ManifestEntryVerifier$SunProviderHolder done
Event: 1.036 loading class java/lang/NumberFormatException
Event: 1.036 loading class java/lang/NumberFormatException done


Dynamic libraries:
0x00007ff69df50000 - 0x00007ff69df5e000 	c:\Users\ASUS\.vscode\extensions\redhat.java-1.20.0-win32-x64\jre\17.0.7-win32-x86_64\bin\java.exe
0x00007ff864bd0000 - 0x00007ff864dc8000 	C:\WINDOWS\SYSTEM32\ntdll.dll
0x00007ff864ad0000 - 0x00007ff864b8f000 	C:\WINDOWS\System32\KERNEL32.DLL
0x00007ff8623b0000 - 0x00007ff8626a6000 	C:\WINDOWS\System32\KERNELBASE.dll
0x00007ff8622b0000 - 0x00007ff8623b0000 	C:\WINDOWS\System32\ucrtbase.dll
0x00007ff8368d0000 - 0x00007ff8368e7000 	c:\Users\ASUS\.vscode\extensions\redhat.java-1.20.0-win32-x64\jre\17.0.7-win32-x86_64\bin\jli.dll
0x00007ff836840000 - 0x00007ff836859000 	c:\Users\ASUS\.vscode\extensions\redhat.java-1.20.0-win32-x64\jre\17.0.7-win32-x86_64\bin\VCRUNTIME140.dll
0x00007ff863390000 - 0x00007ff86352d000 	C:\WINDOWS\System32\USER32.dll
0x00007ff862810000 - 0x00007ff862832000 	C:\WINDOWS\System32\win32u.dll
0x00007ff863a00000 - 0x00007ff863a2c000 	C:\WINDOWS\System32\GDI32.dll
0x00007ff862900000 - 0x00007ff862a15000 	C:\WINDOWS\System32\gdi32full.dll
0x00007ff848960000 - 0x00007ff848bfa000 	C:\WINDOWS\WinSxS\amd64_microsoft.windows.common-controls_6595b64144ccf1df_6.0.19041.1110_none_60b5254171f9507e\COMCTL32.dll
0x00007ff8626b0000 - 0x00007ff86274d000 	C:\WINDOWS\System32\msvcp_win.dll
0x00007ff864a30000 - 0x00007ff864ace000 	C:\WINDOWS\System32\msvcrt.dll
0x00007ff864830000 - 0x00007ff864860000 	C:\WINDOWS\System32\IMM32.DLL
0x00007ff84d140000 - 0x00007ff84d14c000 	c:\Users\ASUS\.vscode\extensions\redhat.java-1.20.0-win32-x64\jre\17.0.7-win32-x86_64\bin\vcruntime140_1.dll
0x00007ff821520000 - 0x00007ff8215b1000 	c:\Users\ASUS\.vscode\extensions\redhat.java-1.20.0-win32-x64\jre\17.0.7-win32-x86_64\bin\msvcp140.dll
0x00007ffffb900000 - 0x00007ffffc548000 	c:\Users\ASUS\.vscode\extensions\redhat.java-1.20.0-win32-x64\jre\17.0.7-win32-x86_64\bin\server\jvm.dll
0x00007ff864100000 - 0x00007ff8641af000 	C:\WINDOWS\System32\ADVAPI32.dll
0x00007ff863f90000 - 0x00007ff86402c000 	C:\WINDOWS\System32\sechost.dll
0x00007ff864630000 - 0x00007ff864756000 	C:\WINDOWS\System32\RPCRT4.dll
0x00007ff843290000 - 0x00007ff843299000 	C:\WINDOWS\SYSTEM32\WSOCK32.dll
0x00007ff857270000 - 0x00007ff85727a000 	C:\WINDOWS\SYSTEM32\VERSION.dll
0x00007ff85f8c0000 - 0x00007ff85f8e7000 	C:\WINDOWS\SYSTEM32\WINMM.dll
0x00007ff864090000 - 0x00007ff8640fb000 	C:\WINDOWS\System32\WS2_32.dll
0x00007ff860b30000 - 0x00007ff860b42000 	C:\WINDOWS\SYSTEM32\kernel.appcore.dll
0x00007ff84c9a0000 - 0x00007ff84c9aa000 	c:\Users\ASUS\.vscode\extensions\redhat.java-1.20.0-win32-x64\jre\17.0.7-win32-x86_64\bin\jimage.dll
0x00007ff860800000 - 0x00007ff8609e4000 	C:\WINDOWS\SYSTEM32\DBGHELP.DLL
0x00007ff8445a0000 - 0x00007ff8445d4000 	C:\WINDOWS\SYSTEM32\dbgcore.DLL
0x00007ff862750000 - 0x00007ff8627d2000 	C:\WINDOWS\System32\bcryptPrimitives.dll
0x00007ff84b8c0000 - 0x00007ff84b8ce000 	c:\Users\ASUS\.vscode\extensions\redhat.java-1.20.0-win32-x64\jre\17.0.7-win32-x86_64\bin\instrument.dll
0x00007ff833df0000 - 0x00007ff833e15000 	c:\Users\ASUS\.vscode\extensions\redhat.java-1.20.0-win32-x64\jre\17.0.7-win32-x86_64\bin\java.dll
0x00007ff8367e0000 - 0x00007ff8367f8000 	c:\Users\ASUS\.vscode\extensions\redhat.java-1.20.0-win32-x64\jre\17.0.7-win32-x86_64\bin\zip.dll
0x00007ff862c30000 - 0x00007ff863374000 	C:\WINDOWS\System32\SHELL32.dll
0x00007ff860060000 - 0x00007ff8607f4000 	C:\WINDOWS\SYSTEM32\windows.storage.dll
0x00007ff864210000 - 0x00007ff864564000 	C:\WINDOWS\System32\combase.dll
0x00007ff861cf0000 - 0x00007ff861d1e000 	C:\WINDOWS\SYSTEM32\Wldp.dll
0x00007ff863530000 - 0x00007ff8635dd000 	C:\WINDOWS\System32\SHCORE.dll
0x00007ff8649d0000 - 0x00007ff864a25000 	C:\WINDOWS\System32\shlwapi.dll
0x00007ff8621e0000 - 0x00007ff862205000 	C:\WINDOWS\SYSTEM32\profapi.dll
0x00007ff833db0000 - 0x00007ff833dc9000 	C:\Users\ASUS\.vscode\extensions\redhat.java-1.20.0-win32-x64\jre\17.0.7-win32-x86_64\bin\net.dll
0x00007ff851900000 - 0x00007ff851a0a000 	C:\WINDOWS\SYSTEM32\WINHTTP.dll
0x00007ff861a50000 - 0x00007ff861aba000 	C:\WINDOWS\system32\mswsock.dll
0x00007ff82d950000 - 0x00007ff82d965000 	C:\Users\ASUS\.vscode\extensions\redhat.java-1.20.0-win32-x64\jre\17.0.7-win32-x86_64\bin\nio.dll
0x00007ff84b7a0000 - 0x00007ff84b7b0000 	c:\Users\ASUS\.vscode\extensions\redhat.java-1.20.0-win32-x64\jre\17.0.7-win32-x86_64\bin\verify.dll

dbghelp: loaded successfully - version: 4.0.5 - missing functions: none
symbol engine: initialized successfully - sym options: 0x614 - pdb path: .;c:\Users\ASUS\.vscode\extensions\redhat.java-1.20.0-win32-x64\jre\17.0.7-win32-x86_64\bin;C:\WINDOWS\SYSTEM32;C:\WINDOWS\WinSxS\amd64_microsoft.windows.common-controls_6595b64144ccf1df_6.0.19041.1110_none_60b5254171f9507e;c:\Users\ASUS\.vscode\extensions\redhat.java-1.20.0-win32-x64\jre\17.0.7-win32-x86_64\bin\server

VM Arguments:
jvm_args: --add-modules=ALL-SYSTEM --add-opens=java.base/java.util=ALL-UNNAMED --add-opens=java.base/java.lang=ALL-UNNAMED --add-opens=java.base/sun.nio.fs=ALL-UNNAMED -Declipse.application=org.eclipse.jdt.ls.core.id1 -Dosgi.bundles.defaultStartLevel=4 -Declipse.product=org.eclipse.jdt.ls.core.product -Djava.import.generatesMetadataFilesAtProjectRoot=false -Dfile.encoding=utf8 -XX:+UseParallelGC -XX:GCTimeRatio=4 -XX:AdaptiveSizePolicyWeight=90 -Dsun.zip.disableMemoryMapping=true -Xmx1G -Xms100m -Xlog:disable -javaagent:c:\Users\ASUS\.vscode\extensions\redhat.java-1.20.0-win32-x64\lombok\lombok-1.18.28.jar 
java_command: c:\Users\ASUS\.vscode\extensions\redhat.java-1.20.0-win32-x64\server\plugins\org.eclipse.equinox.launcher_1.6.500.v20230622-2056.jar -configuration c:\Users\ASUS\AppData\Roaming\Code\User\globalStorage\redhat.java\1.20.0\config_ss_win -data c:\Users\ASUS\AppData\Roaming\Code\User\workspaceStorage\1fb3f4979db81808107b25b3b1675e1f\redhat.java\ss_ws
java_class_path (initial): c:\Users\ASUS\.vscode\extensions\redhat.java-1.20.0-win32-x64\server\plugins\org.eclipse.equinox.launcher_1.6.500.v20230622-2056.jar
Launcher Type: SUN_STANDARD

[Global flags]
    uintx AdaptiveSizePolicyWeight                 = 90                                        {product} {command line}
     intx CICompilerCount                          = 4                                         {product} {ergonomic}
    uintx GCTimeRatio                              = 4                                         {product} {command line}
   size_t InitialHeapSize                          = 104857600                                 {product} {command line}
   size_t MaxHeapSize                              = 1073741824                                {product} {command line}
   size_t MaxNewSize                               = 357564416                                 {product} {ergonomic}
   size_t MinHeapDeltaBytes                        = 524288                                    {product} {ergonomic}
   size_t MinHeapSize                              = 104857600                                 {product} {command line}
   size_t NewSize                                  = 34603008                                  {product} {ergonomic}
    uintx NonNMethodCodeHeapSize                   = 5839372                                {pd product} {ergonomic}
    uintx NonProfiledCodeHeapSize                  = 122909434                              {pd product} {ergonomic}
   size_t OldSize                                  = 70254592                                  {product} {ergonomic}
    uintx ProfiledCodeHeapSize                     = 122909434                              {pd product} {ergonomic}
    uintx ReservedCodeCacheSize                    = 251658240                              {pd product} {ergonomic}
     bool SegmentedCodeCache                       = true                                      {product} {ergonomic}
   size_t SoftMaxHeapSize                          = 1073741824                             {manageable} {ergonomic}
     bool UseCompressedClassPointers               = true                           {product lp64_product} {ergonomic}
     bool UseCompressedOops                        = true                           {product lp64_product} {ergonomic}
     bool UseLargePagesIndividualAllocation        = false                                  {pd product} {ergonomic}
     bool UseParallelGC                            = true                                      {product} {command line}

Logging:
Log output configuration:
 #0: stdout all=off uptime,level,tags
 #1: stderr all=off uptime,level,tags

Environment Variables:
JAVA_HOME=C:\Program Files\Java\jdk-1.8
PATH=C:\Program Files\nodejs\;D:\vscode\c\x86_64-8.1.0-release-win32-seh-rt_v6-rev0\mingw64\bin;C:\Windows\system32;C:\Windows;C:\Windows\System32\Wbem;C:\Windows\System32\WindowsPowerShell\v1.0\;C:\Windows\System32\OpenSSH\;C:\Program Files (x86)\NVIDIA Corporation\PhysX\Common;C:\Program Files\NVIDIA Corporation\NVIDIA NvDLISR;C:\WINDOWS\system32;C:\WINDOWS;C:\WINDOWS\System32\Wbem;C:\WINDOWS\System32\WindowsPowerShell\v1.0\;C:\WINDOWS\System32\OpenSSH\;G:\matlab\bin\win32;C:\Program Files\MATLAB\R2013a\runtime\win64;C:\Program Files\MATLAB\R2013a\bin;j:\数电课程设计资料给学生2021-06\quartus\bin;C:\Program;Files (x86)\STMicroelectronics\STM32 ST-LINK Utility\ST-LINK Utility;C:\Program Files\PuTTY\;E:\c录玫赂潞\lingo\install\;C:\Pr;gram Files\Java\jdk1.8.0_301\bin;D:\java\apache-tomcat-9.0.54-windows-x64\apache-tomcat-9.0.54\bin;D:\java\apache-tomcat-9.0.54-windows-x64\apache-tomcat-9.0.54\bin;D:\java\apache-tomcat-9.0.54-windows-x64\apache-tomcat-9.0.54\lib;G:\垄驴陋路垄\垄web驴陋路垄鹿陇戮\dll;C:\ProgramData\chocol;tey\bin;E:\c\;C:\Program Files\Pandoc\;C:\Program Files\Git\cmd;C:\Program Files\CMake\bin;C:\Program Files\Go\bin;C:\Program Files\Java\jdk-1.8\bin;C:\Users\ASUS\AppData\Local\Programs\Python\Python37\Scripts\;C:\Users\ASUS\AppData\Local\Programs\Python\Python37\;C:\Program Files\Tesseract-OCR\tessdata;C:\Users\ASUS\AppData\Local\Programs\Python\Python36\Scripts\;C:\Users\ASUS\AppData\Local\Programs\Python\Python36\;C:\Users\ASUS\Anaconda3;C:\Users\ASUS\Anaconda3\Library\mingw-w64\bin;C:\Users\ASUS\Anaconda3\Library\usr\bin;C:\Users\ASUS\Anaconda3\Library\bin;C:\Users\ASUS\Anaconda3\Scripts;C:\Users\ASUS\AppData\Local\Programs\Python\Python38-32\Scripts\;C:\Users\ASUS\AppData\Local\Programs\Python\Python38-32\;C:\Users\ASUS\AppData\Local\Microsoft\WindowsApps;%PyCharm Community Edition%;D:\vscode\Microsoft VS Code\bin;C:\Program Files (x86)\Microsoft Visual Studio\VC98\Bin\CL.EXE;D:\webstorm\install\WebStorm 2021.1.1\bin;;C:\Users\A
USERNAME=ASUS
OS=Windows_NT
PROCESSOR_IDENTIFIER=Intel64 Family 6 Model 142 Stepping 12, GenuineIntel
TMP=C:\Users\ASUS\AppData\Local\Temp
TEMP=C:\Users\ASUS\AppData\Local\Temp



---------------  S Y S T E M  ---------------

OS:
 Windows 10 , 64 bit Build 19041 (10.0.19041.3155)
OS uptime: 1 days 9:08 hours

CPU: total 8 (initial active 8) (4 cores per cpu, 2 threads per core) family 6 model 142 stepping 12 microcode 0xea, cx8, cmov, fxsr, ht, mmx, 3dnowpref, sse, sse2, sse3, ssse3, sse4.1, sse4.2, popcnt, lzcnt, tsc, tscinvbit, avx, avx2, aes, erms, clmul, bmi1, bmi2, adx, fma, vzeroupper, clflush, clflushopt

Memory: 4k page, system-wide physical 8005M (727M free)
TotalPageFile size 12680M (AvailPageFile size 86M)
current process WorkingSet (physical memory assigned to process): 54M, peak: 55M
current process commit charge ("private bytes"): 194M, peak: 196M

vm_info: OpenJDK 64-Bit Server VM (17.0.7+7) for windows-amd64 JRE (17.0.7+7), built on Apr 18 2023 22:10:42 by "temurin" with MS VC++ 16.7 (VS2019)

END.
