#
# There is insufficient memory for the Java Runtime Environment to continue.
# Native memory allocation (malloc) failed to allocate 1048576 bytes for AllocateHeap
# Possible reasons:
#   The system is out of physical RAM or swap space
#   The process is running with CompressedOops enabled, and the Java Heap may be blocking the growth of the native heap
# Possible solutions:
#   Reduce memory load on the system
#   Increase physical memory or swap space
#   Check if swap backing store is full
#   Decrease Java heap size (-Xmx/-Xms)
#   Decrease number of Java threads
#   Decrease Java thread stack sizes (-Xss)
#   Set larger code cache with -XX:ReservedCodeCacheSize=
#   JVM is running with Unscaled Compressed Oops mode in which the Java heap is
#     placed in the first 4GB address space. The Java Heap base address is the
#     maximum limit for the native heap growth. Please use -XX:HeapBaseMinAddress
#     to set the Java Heap base and to place the Java Heap above 4GB virtual address.
# This output file may be truncated or incomplete.
#
#  Out of Memory Error (memory/allocation.inline.hpp:61), pid=22964, tid=0x0000000000005c98
#
# JRE version:  (8.0_381) (build )
# Java VM: Java HotSpot(TM) 64-Bit Server VM (25.381-b09 mixed mode windows-amd64 compressed oops)
# Failed to write core dump. Minidumps are not enabled by default on client versions of Windows
#

---------------  T H R E A D  ---------------

Current thread (0x000001b800ce6800):  JavaThread "Unknown thread" [_thread_in_vm, id=23704, stack(0x0000009e82100000,0x0000009e82200000)]

Stack: [0x0000009e82100000,0x0000009e82200000]
Native frames: (J=compiled Java code, j=interpreted, Vv=VM code, C=native code)
V  [jvm.dll+0x353039]
V  [jvm.dll+0x290052]
V  [jvm.dll+0x290c1d]
V  [jvm.dll+0x285255]
V  [jvm.dll+0x502d]
V  [jvm.dll+0x3f0b9c]
V  [jvm.dll+0x3ecd67]
V  [jvm.dll+0x1058ff]
V  [jvm.dll+0x21b25b]
V  [jvm.dll+0x24c09a]
V  [jvm.dll+0x16d436]
C  [java.exe+0x2412]
C  [java.exe+0x165e0]
C  [KERNEL32.DLL+0x17614]
C  [ntdll.dll+0x526b1]


---------------  P R O C E S S  ---------------

Java Threads: ( => current thread )

Other Threads:

=>0x000001b800ce6800 (exited) JavaThread "Unknown thread" [_thread_in_vm, id=23704, stack(0x0000009e82100000,0x0000009e82200000)]

VM state:not at safepoint (normal execution)

VM Mutex/Monitor currently owned by a thread: None

heap address: 0x0000000082e00000, size: 2002 MB, Compressed Oops mode: 32-bit
Narrow klass base: 0x0000000000000000, Narrow klass shift: 3
Compressed class space size: 1073741824 Address: 0x0000000100000000

Heap:
 PSYoungGen      total 37888K, used 655K [0x00000000d6500000, 0x00000000d8f00000, 0x0000000100000000)
  eden space 32768K, 2% used [0x00000000d6500000,0x00000000d65a3d80,0x00000000d8500000)
  from space 5120K, 0% used [0x00000000d8a00000,0x00000000d8a00000,0x00000000d8f00000)
  to   space 5120K, 0% used [0x00000000d8500000,0x00000000d8500000,0x00000000d8a00000)
 ParOldGen       total 86016K, used 0K [0x0000000082e00000, 0x0000000088200000, 0x00000000d6500000)
  object space 86016K, 0% used [0x0000000082e00000,0x0000000082e00000,0x0000000088200000)
 Metaspace       used 775K, capacity 4480K, committed 4480K, reserved 1056768K
  class space    used 76K, capacity 384K, committed 384K, reserved 1048576K

Card table byte_map: [0x000001b811bf0000,0x000001b811fe0000] byte_map_base: 0x000001b8117d9000

Marking Bits: (ParMarkBitMap*) 0x00007ff8894c6040
 Begin Bits: [0x000001b812280000, 0x000001b8141c8000)
 End Bits:   [0x000001b8141c8000, 0x000001b816110000)

Polling page: 0x000001b800f20000

CodeCache: size=245760Kb used=329Kb max_used=329Kb free=245430Kb
 bounds [0x000001b802830000, 0x000001b802aa0000, 0x000001b811830000]
 total_blobs=58 nmethods=0 adapters=38
 compilation: enabled

Compilation events (0 events):
No events

GC Heap History (0 events):
No events

Deoptimization events (0 events):
No events

Classes redefined (0 events):
No events

Internal exceptions (0 events):
No events

Events (10 events):
Event: 0.037 loading class java/lang/Short
Event: 0.037 loading class java/lang/Short done
Event: 0.037 loading class java/lang/Integer
Event: 0.037 loading class java/lang/Integer done
Event: 0.037 loading class java/lang/Long
Event: 0.037 loading class java/lang/Long done
Event: 0.038 loading class java/lang/NullPointerException
Event: 0.038 loading class java/lang/NullPointerException done
Event: 0.038 loading class java/lang/ArithmeticException
Event: 0.038 loading class java/lang/ArithmeticException done


Dynamic libraries:
0x00007ff6a01e0000 - 0x00007ff6a022a000 	C:\Program Files\Java\jdk-1.8\bin\java.exe
0x00007ff910ff0000 - 0x00007ff9111e8000 	C:\WINDOWS\SYSTEM32\ntdll.dll
0x00007ff9101a0000 - 0x00007ff91025f000 	C:\WINDOWS\System32\KERNEL32.DLL
0x00007ff90e8e0000 - 0x00007ff90ebd6000 	C:\WINDOWS\System32\KERNELBASE.dll
0x00007ff910e70000 - 0x00007ff910f1f000 	C:\WINDOWS\System32\ADVAPI32.dll
0x00007ff90fb00000 - 0x00007ff90fb9e000 	C:\WINDOWS\System32\msvcrt.dll
0x00007ff90fa30000 - 0x00007ff90facc000 	C:\WINDOWS\System32\sechost.dll
0x00007ff910660000 - 0x00007ff910786000 	C:\WINDOWS\System32\RPCRT4.dll
0x00007ff910330000 - 0x00007ff9104cd000 	C:\WINDOWS\System32\USER32.dll
0x00007ff90f020000 - 0x00007ff90f042000 	C:\WINDOWS\System32\win32u.dll
0x00007ff90fc00000 - 0x00007ff90fc2c000 	C:\WINDOWS\System32\GDI32.dll
0x00007ff90ede0000 - 0x00007ff90eef5000 	C:\WINDOWS\System32\gdi32full.dll
0x00007ff90ef00000 - 0x00007ff90ef9d000 	C:\WINDOWS\System32\msvcp_win.dll
0x00007ff90ec50000 - 0x00007ff90ed50000 	C:\WINDOWS\System32\ucrtbase.dll
0x00007ff8f5b00000 - 0x00007ff8f5d9a000 	C:\WINDOWS\WinSxS\amd64_microsoft.windows.common-controls_6595b64144ccf1df_6.0.19041.1110_none_60b5254171f9507e\COMCTL32.dll
0x00007ff9109d0000 - 0x00007ff910a00000 	C:\WINDOWS\System32\IMM32.DLL
0x00007ff8f8e80000 - 0x00007ff8f8e9b000 	C:\Program Files\Java\jdk-1.8\jre\bin\vcruntime140.dll
0x00007ff9046e0000 - 0x00007ff9046ec000 	C:\Program Files\Java\jdk-1.8\jre\bin\vcruntime140_1.dll
0x00007ff8d6e70000 - 0x00007ff8d6efe000 	C:\Program Files\Java\jdk-1.8\jre\bin\msvcp140.dll
0x00007ff888c90000 - 0x00007ff889540000 	C:\Program Files\Java\jdk-1.8\jre\bin\server\jvm.dll
0x00007ff910960000 - 0x00007ff910968000 	C:\WINDOWS\System32\PSAPI.DLL
0x00007ff903ca0000 - 0x00007ff903caa000 	C:\WINDOWS\SYSTEM32\VERSION.dll
0x00007ff8edb00000 - 0x00007ff8edb09000 	C:\WINDOWS\SYSTEM32\WSOCK32.dll
0x00007ff90bd80000 - 0x00007ff90bda7000 	C:\WINDOWS\SYSTEM32\WINMM.dll
0x00007ff90fd60000 - 0x00007ff90fdcb000 	C:\WINDOWS\System32\WS2_32.dll
0x00007ff90cf50000 - 0x00007ff90cf62000 	C:\WINDOWS\SYSTEM32\kernel.appcore.dll
0x00007ff904530000 - 0x00007ff904540000 	C:\Program Files\Java\jdk-1.8\jre\bin\verify.dll
0x00007ff8d7370000 - 0x00007ff8d739b000 	C:\Program Files\Java\jdk-1.8\jre\bin\java.dll
0x00007ff8f3e40000 - 0x00007ff8f3e58000 	C:\Program Files\Java\jdk-1.8\jre\bin\zip.dll
0x00007ff90cc30000 - 0x00007ff90ce14000 	C:\WINDOWS\SYSTEM32\dbghelp.dll
0x00007ff90ed50000 - 0x00007ff90edd2000 	C:\WINDOWS\System32\bcryptPrimitives.dll

VM Arguments:
java_command: chatpter_05.ArrayTest
java_class_path (initial): C:\Users\ASUS\AppData\Roaming\Code\User\workspaceStorage\1fb3f4979db81808107b25b3b1675e1f\redhat.java\jdt_ws\java_study_2b6c8c21\bin
Launcher Type: SUN_STANDARD

Environment Variables:
JAVA_HOME=C:\Program Files\Java\jdk-1.8
USERNAME=ASUS
OS=Windows_NT
PROCESSOR_IDENTIFIER=Intel64 Family 6 Model 142 Stepping 12, GenuineIntel



---------------  S Y S T E M  ---------------

OS: Windows 10 , 64 bit Build 19041 (10.0.19041.3155)

CPU:total 8 (initial active 8) (4 cores per cpu, 2 threads per core) family 6 model 142 stepping 12, cmov, cx8, fxsr, mmx, sse, sse2, sse3, ssse3, sse4.1, sse4.2, popcnt, avx, avx2, aes, clmul, erms, 3dnowpref, lzcnt, ht, tsc, tscinvbit, bmi1, bmi2, adx

Memory: 4k page, physical 8197876k(604248k free), swap 12985200k(11292k free)

vm_info: Java HotSpot(TM) 64-Bit Server VM (25.381-b09) for windows-amd64 JRE (1.8.0_381-b09), built on Jun 14 2023 13:50:38 by "java_re" with MS VC++ 17.1 (VS2022)

time: Sun Jul 23 19:08:35 2023
timezone: Intel64 Family 6 Model 142 Stepping 12, GenuineIntel
elapsed time: 0.086975 seconds (0d 0h 0m 0s)

